2021-07-23 10:17:23.0865 - Now listening on: http://localhost:5000 -            

2021-07-23 10:17:23.2059 - Application started. Press Ctrl+C to shut down. -            

2021-07-23 10:17:23.2212 - Hosting environment: Development -            

2021-07-23 10:17:23.2381 - Content root path: D:\FreeLancerAssignments\TataPower\dotnetcoreapp\sample-app -            

2021-07-23 10:17:35.5156 - Product Received -            

2021-07-23 10:17:35.6839 - Product Pass to View -            

2021-07-23 10:17:37.2288 - Product Received -            

2021-07-23 10:17:37.2402 - Product Pass to View -            

2021-07-23 10:18:07.9059 - Product Received -            

2021-07-23 10:18:07.9357 - Product Pass to View -            

2021-07-23 10:19:02.1562 - Now listening on: http://localhost:5000 -            

2021-07-23 10:19:02.2796 - Application started. Press Ctrl+C to shut down. -            

2021-07-23 10:19:02.2996 - Hosting environment: Development -            

2021-07-23 10:19:02.3105 - Content root path: D:\FreeLancerAssignments\TataPower\dotnetcoreapp\sample-app -            

2021-07-23 10:19:07.6740 - Product Received -            

2021-07-23 10:19:07.8073 - Product Pass to View -            

2021-07-23 10:19:08.6543 - Product Received -            

2021-07-23 10:19:08.6543 - Product Pass to View -            

2021-07-23 10:19:14.7651 - Product Received -            

2021-07-23 10:19:14.7702 - Product Pass to View -            

2021-07-23 10:23:37.4860 - Now listening on: http://localhost:5000 -            

2021-07-23 10:23:37.5320 - Application started. Press Ctrl+C to shut down. -            

2021-07-23 10:23:37.5389 - Hosting environment: Development -            

2021-07-23 10:23:37.5389 - Content root path: D:\FreeLancerAssignments\TataPower\dotnetcoreapp\sample-app -            

2021-07-23 10:23:42.6959 - Product Received -            

2021-07-23 10:23:42.8005 - Product Pass to View -            

2021-07-23 10:23:43.5781 - Product Received -            

2021-07-23 10:23:43.5781 - Product Pass to View -            

2021-07-23 10:23:50.5102 - Product Received -            

2021-07-23 10:23:50.5102 - Product Pass to View -            

2021-07-23 10:26:39.9711 - Now listening on: http://localhost:5000 -            

2021-07-23 10:26:40.0751 - Application started. Press Ctrl+C to shut down. -            

2021-07-23 10:26:40.0879 - Hosting environment: Development -            

2021-07-23 10:26:40.0879 - Content root path: D:\FreeLancerAssignments\TataPower\dotnetcoreapp\sample-app -            

2021-07-23 10:26:45.6717 - Product Received -            

2021-07-23 10:26:45.8055 - Product Pass to View -            

2021-07-23 10:26:46.8342 - Product Received -            

2021-07-23 10:26:46.8342 - Product Pass to View -            

2021-07-23 10:26:52.2709 - Product Received -            

2021-07-23 10:26:52.2709 - Product Pass to View -            

2021-07-23 10:33:57.4986 - Now listening on: http://localhost:5000 -            

2021-07-23 10:33:57.6216 - Application started. Press Ctrl+C to shut down. -            

2021-07-23 10:33:57.6593 - Hosting environment: Development -            

2021-07-23 10:33:57.6651 - Content root path: D:\FreeLancerAssignments\TataPower\dotnetcoreapp\sample-app -            

2021-07-23 10:34:03.0473 - Product Received -            

2021-07-23 10:34:03.1612 - Product Pass to View -            

2021-07-23 10:34:04.1951 - Product Received -            

2021-07-23 10:34:04.1951 - Product Pass to View -            

2021-07-23 10:34:10.6846 - Product Received -            

2021-07-23 10:34:10.7050 - Product Pass to View -            

2021-07-23 10:34:30.1538 - Product Received -            

2021-07-23 10:34:30.1619 - Product Pass to View -            

2021-07-23 10:34:30.6386 - Product Received -            

2021-07-23 10:34:30.6459 - Product Pass to View -            

2021-07-23 10:34:42.3031 - Product Received -            

2021-07-23 10:34:42.3031 - Product Pass to View -            

2021-07-23 10:34:54.3963 - Product Received -            

2021-07-23 10:34:54.3963 - Product Pass to View -            

2021-07-23 10:34:54.8444 - Product Received -            

2021-07-23 10:34:54.8561 - Product Pass to View -            

2021-07-23 10:35:12.4558 - Now listening on: http://localhost:5000 -            

2021-07-23 10:35:12.6065 - Application started. Press Ctrl+C to shut down. -            

2021-07-23 10:35:12.6210 - Hosting environment: Development -            

2021-07-23 10:35:12.6699 - Content root path: D:\FreeLancerAssignments\TataPower\dotnetcoreapp\sample-app -            

2021-07-23 10:35:17.7398 - Product Received -            

2021-07-23 10:35:17.8863 - Product Pass to View -            

2021-07-23 10:35:18.8217 - Product Received -            

2021-07-23 10:35:18.8217 - Product Pass to View -            

2021-07-23 10:35:24.3224 - Product Received -            

2021-07-23 10:35:24.3224 - Product Pass to View -            

2021-07-23 10:35:32.4571 - Product Received -            

2021-07-23 10:35:32.4622 - Product Pass to View -            

2021-07-23 10:35:32.8342 - Product Received -            

2021-07-23 10:35:32.8342 - Product Pass to View -            

2021-07-23 10:37:52.9782 - Now listening on: http://localhost:5000 -            

2021-07-23 10:37:53.0854 - Application started. Press Ctrl+C to shut down. -            

2021-07-23 10:37:53.0976 - Hosting environment: Development -            

2021-07-23 10:37:53.1338 - Content root path: D:\FreeLancerAssignments\TataPower\dotnetcoreapp\sample-app -            

2021-07-23 10:37:56.5191 - An unhandled exception has occurred while executing the request. -               at Microsoft.AspNetCore.Routing.EndpointMiddleware.ThrowMissingAuthMiddlewareException(Endpoint endpoint)
   at Microsoft.AspNetCore.Routing.EndpointMiddleware.Invoke(HttpContext httpContext)
   at Microsoft.AspNetCore.Routing.EndpointRoutingMiddleware.Invoke(HttpContext httpContext)
   at sample_app.Middlewares.RequestCultureMiddleware.InvokeAsync(HttpContext context) in D:\FreeLancerAssignments\TataPower\dotnetcoreapp\sample-app\Middlewares\RequestCultureMiddleware.cs:line 35
   at Microsoft.AspNetCore.Diagnostics.StatusCodePagesMiddleware.Invoke(HttpContext context)
   at Microsoft.AspNetCore.Diagnostics.DeveloperExceptionPageMiddleware.Invoke(HttpContext context)

2021-07-23 10:37:57.5413 - An unhandled exception has occurred while executing the request. -               at Microsoft.AspNetCore.Routing.EndpointMiddleware.ThrowMissingAuthMiddlewareException(Endpoint endpoint)
   at Microsoft.AspNetCore.Routing.EndpointMiddleware.Invoke(HttpContext httpContext)
   at Microsoft.AspNetCore.Routing.EndpointRoutingMiddleware.Invoke(HttpContext httpContext)
   at sample_app.Middlewares.RequestCultureMiddleware.InvokeAsync(HttpContext context) in D:\FreeLancerAssignments\TataPower\dotnetcoreapp\sample-app\Middlewares\RequestCultureMiddleware.cs:line 35
   at Microsoft.AspNetCore.Diagnostics.StatusCodePagesMiddleware.Invoke(HttpContext context)
   at Microsoft.AspNetCore.Diagnostics.DeveloperExceptionPageMiddleware.Invoke(HttpContext context)

2021-07-23 10:38:35.5457 - Now listening on: http://localhost:5000 -            

2021-07-23 10:38:35.5971 - Application started. Press Ctrl+C to shut down. -            

2021-07-23 10:38:35.6046 - Hosting environment: Development -            

2021-07-23 10:38:35.6196 - Content root path: D:\FreeLancerAssignments\TataPower\dotnetcoreapp\sample-app -            

2021-07-23 10:38:38.2312 - An unhandled exception has occurred while executing the request. -               at Microsoft.AspNetCore.Routing.EndpointMiddleware.ThrowMissingAuthMiddlewareException(Endpoint endpoint)
   at Microsoft.AspNetCore.Routing.EndpointMiddleware.Invoke(HttpContext httpContext)
   at Microsoft.AspNetCore.Routing.EndpointRoutingMiddleware.Invoke(HttpContext httpContext)
   at sample_app.Middlewares.RequestCultureMiddleware.InvokeAsync(HttpContext context) in D:\FreeLancerAssignments\TataPower\dotnetcoreapp\sample-app\Middlewares\RequestCultureMiddleware.cs:line 35
   at Microsoft.AspNetCore.Diagnostics.StatusCodePagesMiddleware.Invoke(HttpContext context)
   at Microsoft.AspNetCore.Diagnostics.DeveloperExceptionPageMiddleware.Invoke(HttpContext context)

2021-07-23 10:38:39.1479 - An unhandled exception has occurred while executing the request. -               at Microsoft.AspNetCore.Routing.EndpointMiddleware.ThrowMissingAuthMiddlewareException(Endpoint endpoint)
   at Microsoft.AspNetCore.Routing.EndpointMiddleware.Invoke(HttpContext httpContext)
   at Microsoft.AspNetCore.Routing.EndpointRoutingMiddleware.Invoke(HttpContext httpContext)
   at sample_app.Middlewares.RequestCultureMiddleware.InvokeAsync(HttpContext context) in D:\FreeLancerAssignments\TataPower\dotnetcoreapp\sample-app\Middlewares\RequestCultureMiddleware.cs:line 35
   at Microsoft.AspNetCore.Diagnostics.StatusCodePagesMiddleware.Invoke(HttpContext context)
   at Microsoft.AspNetCore.Diagnostics.DeveloperExceptionPageMiddleware.Invoke(HttpContext context)

2021-07-23 10:40:59.1795 - Now listening on: http://localhost:5000 -            

2021-07-23 10:40:59.2348 - Application started. Press Ctrl+C to shut down. -            

2021-07-23 10:40:59.2406 - Hosting environment: Development -            

2021-07-23 10:40:59.2406 - Content root path: D:\FreeLancerAssignments\TataPower\dotnetcoreapp\sample-app -            

2021-07-23 10:44:08.7151 - Now listening on: http://localhost:5000 -            

2021-07-23 10:44:08.7711 - Application started. Press Ctrl+C to shut down. -            

2021-07-23 10:44:08.7711 - Hosting environment: Development -            

2021-07-23 10:44:08.7898 - Content root path: D:\FreeLancerAssignments\TataPower\dotnetcoreapp\sample-app -            

2021-07-23 10:44:52.8834 - Now listening on: http://localhost:5000 -            

2021-07-23 10:44:52.9797 - Application started. Press Ctrl+C to shut down. -            

2021-07-23 10:44:53.0035 - Hosting environment: Development -            

2021-07-23 10:44:53.0080 - Content root path: D:\FreeLancerAssignments\TataPower\dotnetcoreapp\sample-app -            

2021-07-23 10:50:22.2345 - Now listening on: http://localhost:5000 -            

2021-07-23 10:50:22.2910 - Application started. Press Ctrl+C to shut down. -            

2021-07-23 10:50:22.3059 - Hosting environment: Development -            

2021-07-23 10:50:22.3990 - Content root path: D:\FreeLancerAssignments\TataPower\dotnetcoreapp\sample-app -            

2021-07-23 10:50:50.5159 - Product Received -            

2021-07-23 10:50:50.5505 - Product Pass to View -            

2021-07-23 10:50:53.8479 - Product Received -            

2021-07-23 10:50:53.8873 - Product Pass to View -            

2021-07-23 10:52:26.9778 - Now listening on: http://localhost:5000 -            

2021-07-23 10:52:27.0519 - Application started. Press Ctrl+C to shut down. -            

2021-07-23 10:52:27.0841 - Hosting environment: Development -            

2021-07-23 10:52:27.1244 - Content root path: D:\FreeLancerAssignments\TataPower\dotnetcoreapp\sample-app -            

2021-07-23 10:52:57.6691 - Product Received -            

2021-07-23 10:52:57.6882 - Product Pass to View -            

2021-07-23 10:52:58.1898 - Product Received -            

2021-07-23 10:52:58.1944 - Product Pass to View -            

2021-07-23 10:53:04.2017 - Product Received -            

2021-07-23 10:53:04.2107 - Product Pass to View -            

2021-07-23 10:53:05.5541 - Product Received -            

2021-07-23 10:53:05.6274 - Product Pass to View -            

2021-07-23 10:53:06.8009 - Product Received -            

2021-07-23 10:53:06.8009 - Product Pass to View -            

2021-07-23 10:53:08.1205 - Product Received -            

2021-07-23 10:53:08.1383 - Product Pass to View -            

2021-07-23 10:53:08.5380 - Product Received -            

2021-07-23 10:53:08.5380 - Product Pass to View -            

2021-07-23 10:55:38.4421 - Now listening on: http://localhost:5000 -            

2021-07-23 10:55:38.4953 - Application started. Press Ctrl+C to shut down. -            

2021-07-23 10:55:38.5061 - Hosting environment: Development -            

2021-07-23 10:55:38.5061 - Content root path: D:\FreeLancerAssignments\TataPower\dotnetcoreapp\sample-app -            

2021-07-23 10:56:29.3726 - Product Received -            

2021-07-23 10:56:29.4166 - Product Pass to View -            

2021-07-23 10:56:29.9208 - Product Received -            

2021-07-23 10:56:29.9406 - Product Pass to View -            

2021-07-23 10:57:15.9693 - Product Received -            

2021-07-23 10:57:15.9765 - Product Pass to View -            

2021-07-23 10:57:16.2031 - Product Received -            

2021-07-23 10:57:16.2111 - Product Pass to View -            

2021-07-23 11:20:24.1395 - Now listening on: http://localhost:5000 -            

2021-07-23 11:20:24.2196 - Application started. Press Ctrl+C to shut down. -            

2021-07-23 11:20:24.2350 - Hosting environment: Development -            

2021-07-23 11:20:24.2427 - Content root path: D:\FreeLancerAssignments\TataPower\dotnetcoreapp\sample-app -            

2021-07-23 11:22:12.8274 - Product Received -            

2021-07-23 11:22:12.8431 - Product Pass to View -            

2021-07-23 11:22:13.2651 - Product Received -            

2021-07-23 11:22:13.2651 - Product Pass to View -            

2021-07-23 11:33:19.5148 - Now listening on: http://localhost:5000 -            

2021-07-23 11:33:19.6232 - Application started. Press Ctrl+C to shut down. -            

2021-07-23 11:33:19.6429 - Hosting environment: Development -            

2021-07-23 11:33:19.6899 - Content root path: D:\FreeLancerAssignments\TataPower\dotnetcoreapp\sample-app -            

2021-07-23 11:34:19.1431 - Product Received -            

2021-07-23 11:34:19.1590 - Product Pass to View -            

2021-07-23 11:34:19.8138 - Product Received -            

2021-07-23 11:34:19.8498 - Product Pass to View -            

2021-07-23 11:36:49.2145 - Now listening on: http://localhost:5000 -            

2021-07-23 11:36:49.2632 - Application started. Press Ctrl+C to shut down. -            

2021-07-23 11:36:49.2632 - Hosting environment: Development -            

2021-07-23 11:36:49.2767 - Content root path: D:\FreeLancerAssignments\TataPower\dotnetcoreapp\sample-app -            

2021-07-23 11:37:06.8998 - Product Received -            

2021-07-23 11:37:06.9174 - Product Pass to View -            

2021-07-23 11:37:07.4371 - Product Received -            

2021-07-23 11:37:07.4426 - Product Pass to View -            

2021-07-23 11:37:24.0696 - Product Received -            

2021-07-23 11:37:24.0696 - Product Pass to View -            

2021-07-23 11:37:24.4333 - Product Received -            

2021-07-23 11:37:24.4333 - Product Pass to View -            

2021-07-23 11:38:13.8306 - Product Received -            

2021-07-23 11:38:13.8348 - Product Pass to View -            

2021-07-23 11:38:14.0848 - Product Received -            

2021-07-23 11:38:14.0848 - Product Pass to View -            

2021-07-23 11:38:15.7711 - Product Received -            

2021-07-23 11:38:15.7711 - Product Pass to View -            

2021-07-23 11:38:16.0963 - Product Received -            

2021-07-23 11:38:16.1003 - Product Pass to View -            

2021-07-23 11:38:16.4999 - Product Received -            

2021-07-23 11:38:16.5068 - Product Pass to View -            

2021-07-23 11:38:16.7671 - Product Received -            

2021-07-23 11:38:16.7780 - Product Pass to View -            

2021-07-23 11:38:17.5428 - Product Received -            

2021-07-23 11:38:17.5428 - Product Pass to View -            

2021-07-23 11:38:17.9902 - Product Received -            

2021-07-23 11:38:17.9902 - Product Pass to View -            

2021-07-23 11:38:18.8494 - Product Received -            

2021-07-23 11:38:18.8494 - Product Pass to View -            

2021-07-23 11:38:19.0695 - Product Received -            

2021-07-23 11:38:19.0695 - Product Pass to View -            

2021-07-23 11:38:19.7637 - Product Received -            

2021-07-23 11:38:19.7637 - Product Pass to View -            

2021-07-23 11:38:20.1086 - Product Received -            

2021-07-23 11:38:20.1226 - Product Pass to View -            

2021-07-23 11:38:20.9022 - Product Received -            

2021-07-23 11:38:20.9108 - Product Pass to View -            

2021-07-23 11:38:21.3116 - Product Received -            

2021-07-23 11:38:21.3255 - Product Pass to View -            

2021-07-23 11:38:21.7789 - Product Received -            

2021-07-23 11:38:21.7862 - Product Pass to View -            

2021-07-23 11:38:22.1840 - Product Received -            

2021-07-23 11:38:22.2066 - Product Pass to View -            

