2021-07-20 09:41:00.6540 - Now listening on: http://localhost:5000 -            

2021-07-20 09:41:00.7188 - Application started. Press Ctrl+C to shut down. -            

2021-07-20 09:41:00.7569 - Hosting environment: Development -            

2021-07-20 09:41:00.7605 - Content root path: D:\FreeLancerAssignments\TataPower\dotnetcoreapp\sample-app -            

2021-07-20 09:41:20.8020 - Product Received -            

2021-07-20 09:41:20.9889 - Product Pass to View -            

2021-07-20 09:41:22.6078 - Product Received -            

2021-07-20 09:41:22.6078 - Product Pass to View -            

2021-07-20 09:41:25.8128 - Product Received -            

2021-07-20 09:41:25.8128 - Product Pass to View -            

2021-07-20 09:41:26.0406 - Product Received -            

2021-07-20 09:41:26.0406 - Product Pass to View -            

2021-07-20 09:42:54.4665 - Product Received -            

2021-07-20 09:42:54.4665 - Product Pass to View -            

2021-07-20 09:42:54.7087 - Product Received -            

2021-07-20 09:42:54.7087 - Product Pass to View -            

2021-07-20 10:18:23.3518 - Now listening on: http://localhost:5000 -            

2021-07-20 10:18:23.4200 - Application started. Press Ctrl+C to shut down. -            

2021-07-20 10:18:23.4200 - Hosting environment: Development -            

2021-07-20 10:18:23.4200 - Content root path: D:\FreeLancerAssignments\TataPower\dotnetcoreapp\sample-app -            

2021-07-20 10:18:29.6496 - Product Received -            

2021-07-20 10:18:29.7529 - Product Pass to View -            

2021-07-20 10:18:30.7275 - Product Received -            

2021-07-20 10:18:30.7316 - Product Pass to View -            

2021-07-20 10:52:59.2229 - Now listening on: http://localhost:5000 -            

2021-07-20 10:52:59.2872 - Application started. Press Ctrl+C to shut down. -            

2021-07-20 10:52:59.3020 - Hosting environment: Development -            

2021-07-20 10:52:59.3096 - Content root path: D:\FreeLancerAssignments\TataPower\dotnetcoreapp\sample-app -            

2021-07-20 10:53:06.1119 - Product Received -            

2021-07-20 10:53:06.2419 - Product Pass to View -            

2021-07-20 10:53:07.2910 - Product Received -            

2021-07-20 10:53:07.3017 - Product Pass to View -            

2021-07-20 10:53:16.8956 - Product Received -            

2021-07-20 10:53:16.9056 - Product Pass to View -            

2021-07-20 10:53:57.6049 - Now listening on: http://localhost:5000 -            

2021-07-20 10:53:57.6648 - Application started. Press Ctrl+C to shut down. -            

2021-07-20 10:53:57.6892 - Hosting environment: Development -            

2021-07-20 10:53:57.6968 - Content root path: D:\FreeLancerAssignments\TataPower\dotnetcoreapp\sample-app -            

2021-07-20 10:54:03.2509 - Product Received -            

2021-07-20 10:54:03.4044 - Product Pass to View -            

2021-07-20 10:54:04.2649 - Product Received -            

2021-07-20 10:54:04.2841 - Product Pass to View -            

2021-07-20 10:54:14.0208 - Product Received -            

2021-07-20 10:54:14.0269 - Product Pass to View -            

2021-07-20 10:54:46.7650 - Now listening on: http://localhost:5000 -            

2021-07-20 10:54:46.8261 - Application started. Press Ctrl+C to shut down. -            

2021-07-20 10:54:46.8388 - Hosting environment: Development -            

2021-07-20 10:54:46.8537 - Content root path: D:\FreeLancerAssignments\TataPower\dotnetcoreapp\sample-app -            

2021-07-20 10:54:52.8829 - Product Received -            

2021-07-20 10:54:53.0077 - Product Pass to View -            

2021-07-20 10:54:53.9827 - Product Received -            

2021-07-20 10:54:53.9827 - Product Pass to View -            

2021-07-20 10:54:59.2070 - Product Received -            

2021-07-20 10:54:59.2070 - Product Pass to View -            

2021-07-20 10:55:48.7268 - Now listening on: http://localhost:5000 -            

2021-07-20 10:55:48.7729 - Application started. Press Ctrl+C to shut down. -            

2021-07-20 10:55:48.7783 - Hosting environment: Development -            

2021-07-20 10:55:48.7783 - Content root path: D:\FreeLancerAssignments\TataPower\dotnetcoreapp\sample-app -            

2021-07-20 10:55:55.0720 - Product Received -            

2021-07-20 10:55:55.1805 - Product Pass to View -            

2021-07-20 10:55:56.0280 - Product Received -            

2021-07-20 10:55:56.0280 - Product Pass to View -            

2021-07-20 10:56:08.7350 - Product Received -            

2021-07-20 10:56:08.7452 - Product Pass to View -            

2021-07-20 10:57:00.9253 - Now listening on: http://localhost:5000 -            

2021-07-20 10:57:01.0216 - Application started. Press Ctrl+C to shut down. -            

2021-07-20 10:57:01.0528 - Hosting environment: Development -            

2021-07-20 10:57:01.0820 - Content root path: D:\FreeLancerAssignments\TataPower\dotnetcoreapp\sample-app -            

2021-07-20 10:57:07.2219 - Product Received -            

2021-07-20 10:57:07.3417 - Product Pass to View -            

2021-07-20 10:57:08.1914 - Product Received -            

2021-07-20 10:57:08.1914 - Product Pass to View -            

2021-07-20 10:57:11.1031 - Product Received -            

2021-07-20 10:57:11.1031 - Product Pass to View -            

2021-07-20 10:58:34.1741 - Now listening on: http://localhost:5000 -            

2021-07-20 10:58:34.2340 - Application started. Press Ctrl+C to shut down. -            

2021-07-20 10:58:34.2340 - Hosting environment: Development -            

2021-07-20 10:58:34.2466 - Content root path: D:\FreeLancerAssignments\TataPower\dotnetcoreapp\sample-app -            

2021-07-20 10:58:39.7030 - Product Received -            

2021-07-20 10:58:39.8344 - Product Pass to View -            

2021-07-20 10:58:40.9240 - Product Received -            

2021-07-20 10:58:40.9240 - Product Pass to View -            

2021-07-20 10:59:15.4427 - Now listening on: http://localhost:5000 -            

2021-07-20 10:59:15.4910 - Application started. Press Ctrl+C to shut down. -            

2021-07-20 10:59:15.4996 - Hosting environment: Development -            

2021-07-20 10:59:15.4996 - Content root path: D:\FreeLancerAssignments\TataPower\dotnetcoreapp\sample-app -            

2021-07-20 10:59:22.0921 - Product Received -            

2021-07-20 10:59:22.2250 - Product Pass to View -            

2021-07-20 10:59:23.2097 - Product Received -            

2021-07-20 10:59:23.2149 - Product Pass to View -            

2021-07-20 10:59:25.9603 - Product Received -            

2021-07-20 10:59:25.9706 - Product Pass to View -            

2021-07-20 11:05:02.8077 - Now listening on: http://localhost:5000 -            

2021-07-20 11:05:02.8557 - Application started. Press Ctrl+C to shut down. -            

2021-07-20 11:05:02.8557 - Hosting environment: Development -            

2021-07-20 11:05:02.8721 - Content root path: D:\FreeLancerAssignments\TataPower\dotnetcoreapp\sample-app -            

2021-07-20 11:05:08.3101 - Product Received -            

2021-07-20 11:05:08.5413 - Product Pass to View -            

2021-07-20 11:05:09.6300 - Product Received -            

2021-07-20 11:05:09.6394 - Product Pass to View -            

2021-07-20 11:05:11.2218 - Product Received -            

2021-07-20 11:05:11.2218 - Product Pass to View -            

2021-07-20 11:08:49.3279 - Now listening on: http://localhost:5000 -            

2021-07-20 11:08:49.3845 - Application started. Press Ctrl+C to shut down. -            

2021-07-20 11:08:49.4030 - Hosting environment: Development -            

2021-07-20 11:08:49.4030 - Content root path: D:\FreeLancerAssignments\TataPower\dotnetcoreapp\sample-app -            

2021-07-20 11:08:55.1021 - Product Received -            

2021-07-20 11:08:55.2241 - Product Pass to View -            

2021-07-20 11:08:56.0964 - Product Received -            

2021-07-20 11:08:56.0964 - Product Pass to View -            

2021-07-20 11:08:59.0081 - Product Received -            

2021-07-20 11:08:59.0645 - Product Pass to View -            

2021-07-20 11:11:09.8657 - Now listening on: http://localhost:5000 -            

2021-07-20 11:11:09.9817 - Application started. Press Ctrl+C to shut down. -            

2021-07-20 11:11:10.0609 - Hosting environment: Development -            

2021-07-20 11:11:10.1069 - Content root path: D:\FreeLancerAssignments\TataPower\dotnetcoreapp\sample-app -            

2021-07-20 11:11:15.8298 - Product Received -            

2021-07-20 11:11:15.9546 - Product Pass to View -            

2021-07-20 11:11:16.8420 - Product Received -            

2021-07-20 11:11:16.8420 - Product Pass to View -            

2021-07-20 11:11:18.9768 - Product Received -            

2021-07-20 11:11:19.0202 - Product Pass to View -            

2021-07-20 11:12:01.2344 - Product Received -            

2021-07-20 11:12:01.2458 - Product Pass to View -            

2021-07-20 11:12:52.0675 - Now listening on: http://localhost:5000 -            

2021-07-20 11:12:52.1241 - Application started. Press Ctrl+C to shut down. -            

2021-07-20 11:12:52.1241 - Hosting environment: Development -            

2021-07-20 11:12:52.1395 - Content root path: D:\FreeLancerAssignments\TataPower\dotnetcoreapp\sample-app -            

2021-07-20 11:12:58.7466 - Product Received -            

2021-07-20 11:12:58.9147 - Product Pass to View -            

2021-07-20 11:12:59.8266 - Product Received -            

2021-07-20 11:12:59.8266 - Product Pass to View -            

2021-07-20 11:13:04.3031 - Product Received -            

2021-07-20 11:13:04.3644 - Product Pass to View -            

2021-07-20 11:13:29.6685 - Product Received -            

2021-07-20 11:13:29.6826 - Product Pass to View -            

2021-07-20 11:14:56.3260 - Now listening on: http://localhost:5000 -            

2021-07-20 11:14:56.3785 - Application started. Press Ctrl+C to shut down. -            

2021-07-20 11:14:56.3785 - Hosting environment: Development -            

2021-07-20 11:14:56.4026 - Content root path: D:\FreeLancerAssignments\TataPower\dotnetcoreapp\sample-app -            

2021-07-20 11:15:02.7582 - Product Received -            

2021-07-20 11:15:02.8937 - Product Pass to View -            

2021-07-20 11:15:03.7463 - Product Received -            

2021-07-20 11:15:03.7463 - Product Pass to View -            

2021-07-20 11:15:11.7317 - Product Received -            

2021-07-20 11:15:11.7317 - Product Pass to View -            

2021-07-20 11:15:44.6859 - Product Received -            

2021-07-20 11:15:44.6859 - Product Pass to View -            

2021-07-20 11:16:53.8306 - Now listening on: http://localhost:5000 -            

2021-07-20 11:16:53.8931 - Application started. Press Ctrl+C to shut down. -            

2021-07-20 11:16:53.8931 - Hosting environment: Development -            

2021-07-20 11:16:53.9009 - Content root path: D:\FreeLancerAssignments\TataPower\dotnetcoreapp\sample-app -            

2021-07-20 11:17:00.3812 - Product Received -            

2021-07-20 11:17:00.4925 - Product Pass to View -            

2021-07-20 11:17:01.3554 - Product Received -            

2021-07-20 11:17:01.3554 - Product Pass to View -            

2021-07-20 11:17:07.1626 - Product Received -            

2021-07-20 11:17:07.1745 - Product Pass to View -            

2021-07-20 11:18:54.0009 - Now listening on: http://localhost:5000 -            

2021-07-20 11:18:54.1167 - Application started. Press Ctrl+C to shut down. -            

2021-07-20 11:18:54.1270 - Hosting environment: Development -            

2021-07-20 11:18:54.1433 - Content root path: D:\FreeLancerAssignments\TataPower\dotnetcoreapp\sample-app -            

2021-07-20 11:18:59.8934 - Product Received -            

2021-07-20 11:19:00.0242 - Product Pass to View -            

2021-07-20 11:19:00.8863 - Product Received -            

2021-07-20 11:19:00.8863 - Product Pass to View -            

2021-07-20 11:19:06.2963 - Product Received -            

2021-07-20 11:19:06.2963 - Product Pass to View -            

2021-07-20 11:37:44.2568 - Now listening on: http://localhost:5000 -            

2021-07-20 11:37:44.3662 - Application started. Press Ctrl+C to shut down. -            

2021-07-20 11:37:44.4080 - Hosting environment: Development -            

2021-07-20 11:37:44.4080 - Content root path: D:\FreeLancerAssignments\TataPower\dotnetcoreapp\sample-app -            

2021-07-20 11:37:51.2238 - Product Received -            

2021-07-20 11:37:51.3643 - Product Pass to View -            

2021-07-20 11:37:52.3954 - Product Received -            

2021-07-20 11:37:52.4017 - Product Pass to View -            

2021-07-20 11:37:59.3668 - Product Received -            

2021-07-20 11:37:59.3774 - Product Pass to View -            

2021-07-20 11:38:31.7194 - An unhandled exception has occurred while executing the request. -               at lambda_method(Closure , Object , ApplicationUser , ResolutionContext )
   at sample_app.Controllers.AccountController.Register(RegisterViewModel register) in D:\FreeLancerAssignments\TataPower\dotnetcoreapp\sample-app\Controllers\AccountController.cs:line 49
   at Microsoft.AspNetCore.Mvc.Infrastructure.ActionMethodExecutor.TaskOfIActionResultExecutor.Execute(IActionResultTypeMapper mapper, ObjectMethodExecutor executor, Object controller, Object[] arguments)
   at Microsoft.AspNetCore.Mvc.Infrastructure.ControllerActionInvoker.<InvokeActionMethodAsync>g__Awaited|12_0(ControllerActionInvoker invoker, ValueTask`1 actionResultValueTask)
   at Microsoft.AspNetCore.Mvc.Infrastructure.ControllerActionInvoker.<InvokeNextActionFilterAsync>g__Awaited|10_0(ControllerActionInvoker invoker, Task lastTask, State next, Scope scope, Object state, Boolean isCompleted)
   at Microsoft.AspNetCore.Mvc.Infrastructure.ControllerActionInvoker.Rethrow(ActionExecutedContextSealed context)
   at Microsoft.AspNetCore.Mvc.Infrastructure.ControllerActionInvoker.Next(State& next, Scope& scope, Object& state, Boolean& isCompleted)
   at Microsoft.AspNetCore.Mvc.Infrastructure.ControllerActionInvoker.InvokeInnerFilterAsync()
--- End of stack trace from previous location where exception was thrown ---
   at Microsoft.AspNetCore.Mvc.Infrastructure.ResourceInvoker.<InvokeNextResourceFilter>g__Awaited|24_0(ResourceInvoker invoker, Task lastTask, State next, Scope scope, Object state, Boolean isCompleted)
   at Microsoft.AspNetCore.Mvc.Infrastructure.ResourceInvoker.Rethrow(ResourceExecutedContextSealed context)
   at Microsoft.AspNetCore.Mvc.Infrastructure.ResourceInvoker.Next(State& next, Scope& scope, Object& state, Boolean& isCompleted)
   at Microsoft.AspNetCore.Mvc.Infrastructure.ResourceInvoker.InvokeFilterPipelineAsync()
--- End of stack trace from previous location where exception was thrown ---
   at Microsoft.AspNetCore.Mvc.Infrastructure.ResourceInvoker.<InvokeAsync>g__Awaited|17_0(ResourceInvoker invoker, Task task, IDisposable scope)
   at Microsoft.AspNetCore.Routing.EndpointMiddleware.<Invoke>g__AwaitRequestTask|6_0(Endpoint endpoint, Task requestTask, ILogger logger)
   at sample_app.Middlewares.RequestCultureMiddleware.InvokeAsync(HttpContext context) in D:\FreeLancerAssignments\TataPower\dotnetcoreapp\sample-app\Middlewares\RequestCultureMiddleware.cs:line 35
   at Microsoft.AspNetCore.Diagnostics.StatusCodePagesMiddleware.Invoke(HttpContext context)
   at Microsoft.AspNetCore.Diagnostics.DeveloperExceptionPageMiddleware.Invoke(HttpContext context)

2021-07-20 11:38:32.6990 - Product Received -            

2021-07-20 11:38:32.6990 - Product Pass to View -            

2021-07-20 11:39:46.3577 - Now listening on: http://localhost:5000 -            

2021-07-20 11:39:46.4490 - Application started. Press Ctrl+C to shut down. -            

2021-07-20 11:39:46.4725 - Hosting environment: Development -            

2021-07-20 11:39:46.4725 - Content root path: D:\FreeLancerAssignments\TataPower\dotnetcoreapp\sample-app -            

2021-07-20 11:39:53.7015 - Product Received -            

2021-07-20 11:39:53.8391 - Product Pass to View -            

2021-07-20 11:39:55.1743 - Product Received -            

2021-07-20 11:39:55.2251 - Product Pass to View -            

2021-07-20 11:39:58.6980 - Product Received -            

2021-07-20 11:39:58.6980 - Product Pass to View -            

2021-07-20 11:41:00.3998 - User ae60ec14-293b-4776-ab49-5ff1bd3e1937 validation failed: InvalidUserName. -            

2021-07-20 11:42:36.3441 - Product Received -            

2021-07-20 11:42:36.3441 - Product Pass to View -            

2021-07-20 11:49:36.7325 - Now listening on: http://localhost:5000 -            

2021-07-20 11:49:36.8685 - Application started. Press Ctrl+C to shut down. -            

2021-07-20 11:49:36.8774 - Hosting environment: Development -            

2021-07-20 11:49:36.8774 - Content root path: D:\FreeLancerAssignments\TataPower\dotnetcoreapp\sample-app -            

2021-07-20 11:49:43.2243 - Product Received -            

2021-07-20 11:49:43.3638 - Product Pass to View -            

2021-07-20 11:49:44.3501 - Product Received -            

2021-07-20 11:49:44.3622 - Product Pass to View -            

2021-07-20 11:49:46.9523 - Product Received -            

2021-07-20 11:49:46.9523 - Product Pass to View -            

2021-07-20 11:50:54.5033 - Product Received -            

2021-07-20 11:50:54.5033 - Product Pass to View -            

2021-07-20 11:50:55.2049 - Product Received -            

2021-07-20 11:50:55.2049 - Product Pass to View -            

2021-07-20 11:52:13.8388 - Now listening on: http://localhost:5000 -            

2021-07-20 11:52:13.9066 - Application started. Press Ctrl+C to shut down. -            

2021-07-20 11:52:13.9066 - Hosting environment: Development -            

2021-07-20 11:52:13.9200 - Content root path: D:\FreeLancerAssignments\TataPower\dotnetcoreapp\sample-app -            

2021-07-20 11:52:20.0173 - Product Received -            

2021-07-20 11:52:20.1483 - Product Pass to View -            

2021-07-20 11:52:21.0813 - Product Received -            

2021-07-20 11:52:21.0895 - Product Pass to View -            

2021-07-20 11:52:23.9021 - Product Received -            

2021-07-20 11:52:23.9021 - Product Pass to View -            

2021-07-20 11:53:00.6646 - Product Received -            

2021-07-20 11:53:00.6819 - Product Pass to View -            

2021-07-20 11:53:01.5552 - Product Received -            

2021-07-20 11:53:01.5597 - Product Pass to View -            

