2021-07-27 11:23:43.5025 - Now listening on: http://localhost:5000 -            

2021-07-27 11:23:43.6200 - Application started. Press Ctrl+C to shut down. -            

2021-07-27 11:23:43.6473 - Hosting environment: Development -            

2021-07-27 11:23:43.6570 - Content root path: D:\FreeLancerAssignments\TataPower\dotnetcoreapp\sample-app -            

2021-07-27 11:24:30.2898 - Now listening on: http://localhost:5000 -            

2021-07-27 11:24:30.3545 - Application started. Press Ctrl+C to shut down. -            

2021-07-27 11:24:30.3651 - Hosting environment: Development -            

2021-07-27 11:24:30.3861 - Content root path: D:\FreeLancerAssignments\TataPower\dotnetcoreapp\sample-app -            

2021-07-27 11:24:36.1058 - Product Received -            

2021-07-27 11:24:36.2480 - Product Pass to View -            

2021-07-27 11:24:37.3158 - Product Received -            

2021-07-27 11:24:37.3158 - Product Pass to View -            

2021-07-27 11:25:34.1285 - Now listening on: http://localhost:5000 -            

2021-07-27 11:25:34.2233 - Application started. Press Ctrl+C to shut down. -            

2021-07-27 11:25:34.2430 - Hosting environment: Development -            

2021-07-27 11:25:34.2521 - Content root path: D:\FreeLancerAssignments\TataPower\dotnetcoreapp\sample-app -            

2021-07-27 11:25:39.9559 - Product Received -            

2021-07-27 11:25:40.0814 - Product Pass to View -            

2021-07-27 11:25:41.2738 - Product Received -            

2021-07-27 11:25:41.3096 - Product Pass to View -            

2021-07-27 11:26:13.7993 - Now listening on: http://localhost:5000 -            

2021-07-27 11:26:13.9225 - Application started. Press Ctrl+C to shut down. -            

2021-07-27 11:26:13.9366 - Hosting environment: Development -            

2021-07-27 11:26:13.9366 - Content root path: D:\FreeLancerAssignments\TataPower\dotnetcoreapp\sample-app -            

2021-07-27 11:26:20.7740 - Product Received -            

2021-07-27 11:26:20.9245 - Product Pass to View -            

2021-07-27 11:26:22.1757 - Product Received -            

2021-07-27 11:26:22.1999 - Product Pass to View -            

2021-07-27 11:26:24.7714 - Product Received -            

2021-07-27 11:26:24.8430 - Product Pass to View -            

2021-07-27 11:27:35.4660 - Now listening on: http://localhost:5000 -            

2021-07-27 11:27:35.6031 - Application started. Press Ctrl+C to shut down. -            

2021-07-27 11:27:35.7022 - Hosting environment: Development -            

2021-07-27 11:27:35.7141 - Content root path: D:\FreeLancerAssignments\TataPower\dotnetcoreapp\sample-app -            

2021-07-27 11:27:41.7373 - Product Received -            

2021-07-27 11:27:41.8660 - Product Pass to View -            

2021-07-27 11:27:42.8863 - Product Received -            

2021-07-27 11:27:42.8917 - Product Pass to View -            

2021-07-27 11:27:45.3920 - Product Received -            

2021-07-27 11:27:45.4094 - Product Pass to View -            

2021-07-27 11:30:51.1799 - Now listening on: http://localhost:5000 -            

2021-07-27 11:30:51.2798 - Application started. Press Ctrl+C to shut down. -            

2021-07-27 11:30:51.2888 - Hosting environment: Development -            

2021-07-27 11:30:51.2888 - Content root path: D:\FreeLancerAssignments\TataPower\dotnetcoreapp\sample-app -            

2021-07-27 11:30:57.0886 - Product Received -            

2021-07-27 11:30:57.2436 - Product Pass to View -            

2021-07-27 11:30:58.1407 - Product Received -            

2021-07-27 11:30:58.1461 - Product Pass to View -            

2021-07-27 11:31:02.0596 - Product Received -            

2021-07-27 11:31:02.1039 - Product Pass to View -            

2021-07-27 11:31:40.1525 - Product Received -            

2021-07-27 11:31:40.1694 - Product Pass to View -            

2021-07-27 11:43:49.1934 - Now listening on: http://localhost:5000 -            

2021-07-27 11:43:49.2650 - Application started. Press Ctrl+C to shut down. -            

2021-07-27 11:43:49.2707 - Hosting environment: Development -            

2021-07-27 11:43:49.2707 - Content root path: D:\FreeLancerAssignments\TataPower\dotnetcoreapp\sample-app -            

2021-07-27 11:43:55.9783 - Product Received -            

2021-07-27 11:43:56.1257 - Product Pass to View -            

2021-07-27 11:44:05.4053 - An unhandled exception has occurred while executing the request. -               at sample_app.Filters.AddHeaderAttribute.OnResultExecuted(ResultExecutedContext context) in D:\FreeLancerAssignments\TataPower\dotnetcoreapp\sample-app\Filters\AddHeaderAttribute.cs:line 21
   at Microsoft.AspNetCore.Mvc.Filters.ResultFilterAttribute.OnResultExecutionAsync(ResultExecutingContext context, ResultExecutionDelegate next)
   at Microsoft.AspNetCore.Mvc.Infrastructure.ResourceInvoker.<InvokeNextResultFilterAsync>g__Awaited|29_0[TFilter,TFilterAsync](ResourceInvoker invoker, Task lastTask, State next, Scope scope, Object state, Boolean isCompleted)
   at Microsoft.AspNetCore.Mvc.Infrastructure.ResourceInvoker.Rethrow(ResultExecutedContextSealed context)
   at Microsoft.AspNetCore.Mvc.Infrastructure.ResourceInvoker.ResultNext[TFilter,TFilterAsync](State& next, Scope& scope, Object& state, Boolean& isCompleted)
   at Microsoft.AspNetCore.Mvc.Infrastructure.ResourceInvoker.InvokeResultFilters()
--- End of stack trace from previous location where exception was thrown ---
   at Microsoft.AspNetCore.Mvc.Infrastructure.ResourceInvoker.<InvokeNextResourceFilter>g__Awaited|24_0(ResourceInvoker invoker, Task lastTask, State next, Scope scope, Object state, Boolean isCompleted)
   at Microsoft.AspNetCore.Mvc.Infrastructure.ResourceInvoker.Rethrow(ResourceExecutedContextSealed context)
   at Microsoft.AspNetCore.Mvc.Infrastructure.ResourceInvoker.Next(State& next, Scope& scope, Object& state, Boolean& isCompleted)
   at Microsoft.AspNetCore.Mvc.Infrastructure.ResourceInvoker.InvokeFilterPipelineAsync()
--- End of stack trace from previous location where exception was thrown ---
   at Microsoft.AspNetCore.Mvc.Infrastructure.ResourceInvoker.<InvokeAsync>g__Awaited|17_0(ResourceInvoker invoker, Task task, IDisposable scope)
   at Microsoft.AspNetCore.Routing.EndpointMiddleware.<Invoke>g__AwaitRequestTask|6_0(Endpoint endpoint, Task requestTask, ILogger logger)
   at Microsoft.AspNetCore.Authorization.AuthorizationMiddleware.Invoke(HttpContext context)
   at Microsoft.AspNetCore.Authentication.AuthenticationMiddleware.Invoke(HttpContext context)
   at sample_app.Middlewares.RequestCultureMiddleware.InvokeAsync(HttpContext context) in D:\FreeLancerAssignments\TataPower\dotnetcoreapp\sample-app\Middlewares\RequestCultureMiddleware.cs:line 35
   at Microsoft.AspNetCore.Diagnostics.StatusCodePagesMiddleware.Invoke(HttpContext context)
   at Microsoft.AspNetCore.Diagnostics.DeveloperExceptionPageMiddleware.Invoke(HttpContext context)

2021-07-27 11:44:05.4413 - The response has already started, the error page middleware will not be executed. -            

2021-07-27 11:44:05.5023 - Connection id "0HMAGOMPIH29V", Request id "0HMAGOMPIH29V:00000001": An unhandled exception was thrown by the application. -               at sample_app.Filters.AddHeaderAttribute.OnResultExecuted(ResultExecutedContext context) in D:\FreeLancerAssignments\TataPower\dotnetcoreapp\sample-app\Filters\AddHeaderAttribute.cs:line 21
   at Microsoft.AspNetCore.Mvc.Filters.ResultFilterAttribute.OnResultExecutionAsync(ResultExecutingContext context, ResultExecutionDelegate next)
   at Microsoft.AspNetCore.Mvc.Infrastructure.ResourceInvoker.<InvokeNextResultFilterAsync>g__Awaited|29_0[TFilter,TFilterAsync](ResourceInvoker invoker, Task lastTask, State next, Scope scope, Object state, Boolean isCompleted)
   at Microsoft.AspNetCore.Mvc.Infrastructure.ResourceInvoker.Rethrow(ResultExecutedContextSealed context)
   at Microsoft.AspNetCore.Mvc.Infrastructure.ResourceInvoker.ResultNext[TFilter,TFilterAsync](State& next, Scope& scope, Object& state, Boolean& isCompleted)
   at Microsoft.AspNetCore.Mvc.Infrastructure.ResourceInvoker.InvokeResultFilters()
--- End of stack trace from previous location where exception was thrown ---
   at Microsoft.AspNetCore.Mvc.Infrastructure.ResourceInvoker.<InvokeNextResourceFilter>g__Awaited|24_0(ResourceInvoker invoker, Task lastTask, State next, Scope scope, Object state, Boolean isCompleted)
   at Microsoft.AspNetCore.Mvc.Infrastructure.ResourceInvoker.Rethrow(ResourceExecutedContextSealed context)
   at Microsoft.AspNetCore.Mvc.Infrastructure.ResourceInvoker.Next(State& next, Scope& scope, Object& state, Boolean& isCompleted)
   at Microsoft.AspNetCore.Mvc.Infrastructure.ResourceInvoker.InvokeFilterPipelineAsync()
--- End of stack trace from previous location where exception was thrown ---
   at Microsoft.AspNetCore.Mvc.Infrastructure.ResourceInvoker.<InvokeAsync>g__Awaited|17_0(ResourceInvoker invoker, Task task, IDisposable scope)
   at Microsoft.AspNetCore.Routing.EndpointMiddleware.<Invoke>g__AwaitRequestTask|6_0(Endpoint endpoint, Task requestTask, ILogger logger)
   at Microsoft.AspNetCore.Authorization.AuthorizationMiddleware.Invoke(HttpContext context)
   at Microsoft.AspNetCore.Authentication.AuthenticationMiddleware.Invoke(HttpContext context)
   at sample_app.Middlewares.RequestCultureMiddleware.InvokeAsync(HttpContext context) in D:\FreeLancerAssignments\TataPower\dotnetcoreapp\sample-app\Middlewares\RequestCultureMiddleware.cs:line 35
   at Microsoft.AspNetCore.Diagnostics.StatusCodePagesMiddleware.Invoke(HttpContext context)
   at Microsoft.AspNetCore.Diagnostics.DeveloperExceptionPageMiddleware.Invoke(HttpContext context)
   at Microsoft.AspNetCore.Diagnostics.DeveloperExceptionPageMiddleware.Invoke(HttpContext context)
   at Microsoft.AspNetCore.Server.Kestrel.Core.Internal.Http.HttpProtocol.ProcessRequests[TContext](IHttpApplication`1 application)

2021-07-27 11:44:14.0393 - Product Received -            

2021-07-27 11:44:14.0393 - Product Pass to View -            

2021-07-27 11:44:35.6582 - Now listening on: http://localhost:5000 -            

2021-07-27 11:44:35.7267 - Application started. Press Ctrl+C to shut down. -            

2021-07-27 11:44:35.7528 - Hosting environment: Development -            

2021-07-27 11:44:35.7697 - Content root path: D:\FreeLancerAssignments\TataPower\dotnetcoreapp\sample-app -            

2021-07-27 11:44:41.7432 - Product Received -            

2021-07-27 11:44:41.8792 - Product Pass to View -            

2021-07-27 11:44:42.9567 - Product Received -            

2021-07-27 11:44:42.9567 - Product Pass to View -            

2021-07-27 11:44:51.7192 - Product Received -            

2021-07-27 11:44:51.7259 - Product Pass to View -            

2021-07-27 11:44:52.8956 - Product Received -            

2021-07-27 11:44:52.9148 - Product Pass to View -            

