2021-07-07 08:58:10.0568 - Now listening on: http://localhost:5000 -            

2021-07-07 08:58:10.2461 - Application started. Press Ctrl+C to shut down. -            

2021-07-07 08:58:10.2461 - Hosting environment: Production -            

2021-07-07 08:58:10.2632 - Content root path: D:\FreeLancerAssignments\TataPower\dotnetcoreapp\sample-app -            

2021-07-07 08:59:47.4355 - Product Received -            

2021-07-07 08:59:47.5487 - Product Pass to View -            

2021-07-07 08:59:48.2865 - Product Received -            

2021-07-07 08:59:48.3250 - Product Pass to View -            

2021-07-07 08:59:55.6386 - Product Received -            

2021-07-07 08:59:55.6447 - Product Pass to View -            

2021-07-07 08:59:55.8550 - Product Received -            

2021-07-07 08:59:55.8621 - Product Pass to View -            

2021-07-07 08:59:56.9657 - Product Received -            

2021-07-07 08:59:56.9657 - Product Pass to View -            

2021-07-07 08:59:57.1975 - Product Received -            

2021-07-07 08:59:57.1975 - Product Pass to View -            

2021-07-07 08:59:58.6898 - Product Received -            

2021-07-07 08:59:58.6898 - Product Pass to View -            

2021-07-07 08:59:58.8572 - Product Received -            

2021-07-07 08:59:58.8612 - Product Pass to View -            

2021-07-07 09:00:00.0085 - Product Received -            

2021-07-07 09:00:00.0085 - Product Pass to View -            

2021-07-07 09:00:00.2161 - Product Received -            

2021-07-07 09:00:00.2256 - Product Pass to View -            

2021-07-07 09:04:18.2422 - Now listening on: http://localhost:5000 -            

2021-07-07 09:04:18.2887 - Application started. Press Ctrl+C to shut down. -            

2021-07-07 09:04:18.3029 - Hosting environment: Production -            

2021-07-07 09:04:18.3267 - Content root path: D:\FreeLancerAssignments\TataPower\dotnetcoreapp\sample-app -            

2021-07-07 09:04:21.5241 - Product Received -            

2021-07-07 09:04:21.6482 - Product Pass to View -            

2021-07-07 09:04:22.4720 - Product Received -            

2021-07-07 09:04:22.4720 - Product Pass to View -            

2021-07-07 09:04:59.8635 - Product Received -            

2021-07-07 09:04:59.8792 - Product Pass to View -            

2021-07-07 09:05:00.3737 - Product Received -            

2021-07-07 09:05:00.3890 - Product Pass to View -            

2021-07-07 09:05:01.6881 - Product Received -            

2021-07-07 09:05:01.6881 - Product Pass to View -            

2021-07-07 09:05:02.0596 - Product Received -            

2021-07-07 09:05:02.0858 - Product Pass to View -            

2021-07-07 09:05:03.3232 - Product Received -            

2021-07-07 09:05:03.3232 - Product Pass to View -            

2021-07-07 09:05:03.5743 - Product Received -            

2021-07-07 09:05:03.5743 - Product Pass to View -            

2021-07-07 09:05:04.8447 - Product Received -            

2021-07-07 09:05:04.8606 - Product Pass to View -            

2021-07-07 09:05:05.1231 - Product Received -            

2021-07-07 09:05:05.1231 - Product Pass to View -            

2021-07-07 09:05:11.5230 - Product Received -            

2021-07-07 09:05:11.5230 - Product Pass to View -            

2021-07-07 09:05:11.9455 - Product Received -            

2021-07-07 09:05:11.9703 - Product Pass to View -            

2021-07-07 09:05:12.5088 - Product Received -            

2021-07-07 09:05:12.5088 - Product Pass to View -            

2021-07-07 09:05:12.7721 - Product Received -            

2021-07-07 09:05:12.7769 - Product Pass to View -            

2021-07-07 09:05:16.3531 - Product Received -            

2021-07-07 09:05:16.3531 - Product Pass to View -            

2021-07-07 09:05:16.6862 - Product Received -            

2021-07-07 09:05:16.6942 - Product Pass to View -            

2021-07-07 09:05:17.1757 - Product Received from Get Product By Id Method -            

2021-07-07 09:05:17.4124 - Product Received -            

2021-07-07 09:05:17.4124 - Product Pass to View -            

2021-07-07 09:05:18.8922 - Product Received -            

2021-07-07 09:05:18.9052 - Product Pass to View -            

2021-07-07 09:05:19.1957 - Product Received -            

2021-07-07 09:05:19.1957 - Product Pass to View -            

2021-07-07 09:07:57.8485 - Product Received -            

2021-07-07 09:07:57.8485 - Product Pass to View -            

2021-07-07 09:07:58.2382 - Product Received -            

2021-07-07 09:07:58.2382 - Product Pass to View -            

2021-07-07 09:08:07.0095 - Product Received -            

2021-07-07 09:08:07.0593 - Product Pass to View -            

2021-07-07 09:08:07.4977 - Product Received -            

2021-07-07 09:08:07.4977 - Product Pass to View -            

2021-07-07 09:09:02.4567 - Product Received -            

2021-07-07 09:09:02.4614 - Product Pass to View -            

2021-07-07 09:09:02.7517 - Product Received -            

2021-07-07 09:09:02.7568 - Product Pass to View -            

2021-07-07 09:09:07.5775 - Product Received -            

2021-07-07 09:09:07.5775 - Product Pass to View -            

2021-07-07 09:09:07.9068 - Product Received -            

2021-07-07 09:09:07.9112 - Product Pass to View -            

2021-07-07 09:10:19.2988 - Product Received -            

2021-07-07 09:10:19.2988 - Product Pass to View -            

2021-07-07 09:10:19.8282 - Product Received -            

2021-07-07 09:10:19.8391 - Product Pass to View -            

2021-07-07 09:24:47.1328 - Now listening on: http://localhost:5000 -            

2021-07-07 09:24:47.1836 - Application started. Press Ctrl+C to shut down. -            

2021-07-07 09:24:47.2026 - Hosting environment: Production -            

2021-07-07 09:24:47.2081 - Content root path: D:\FreeLancerAssignments\TataPower\dotnetcoreapp\sample-app -            

2021-07-07 09:24:50.5950 - Product Received -            

2021-07-07 09:24:50.7535 - Product Pass to View -            

2021-07-07 09:24:51.7059 - Product Received -            

2021-07-07 09:24:51.7452 - Product Pass to View -            

2021-07-07 09:42:57.1085 - Now listening on: http://localhost:5000 -            

2021-07-07 09:42:57.1727 - Application started. Press Ctrl+C to shut down. -            

2021-07-07 09:42:57.1848 - Hosting environment: Production -            

2021-07-07 09:42:57.1848 - Content root path: D:\FreeLancerAssignments\TataPower\dotnetcoreapp\sample-app -            

2021-07-07 09:43:00.1462 - Product Received -            

2021-07-07 09:43:00.2722 - Product Pass to View -            

2021-07-07 09:43:01.1340 - Product Received -            

2021-07-07 09:43:01.1461 - Product Pass to View -            

2021-07-07 09:43:56.8416 - Now listening on: http://localhost:5000 -            

2021-07-07 09:43:56.8989 - Application started. Press Ctrl+C to shut down. -            

2021-07-07 09:43:56.9034 - Hosting environment: Production -            

2021-07-07 09:43:56.9034 - Content root path: D:\FreeLancerAssignments\TataPower\dotnetcoreapp\sample-app -            

2021-07-07 09:43:59.8850 - Product Received -            

2021-07-07 09:44:00.0125 - Product Pass to View -            

2021-07-07 09:44:00.7694 - Product Received -            

2021-07-07 09:44:00.7694 - Product Pass to View -            

2021-07-07 09:44:57.8838 - Now listening on: http://localhost:5000 -            

2021-07-07 09:44:57.9350 - Application started. Press Ctrl+C to shut down. -            

2021-07-07 09:44:57.9452 - Hosting environment: Production -            

2021-07-07 09:44:57.9452 - Content root path: D:\FreeLancerAssignments\TataPower\dotnetcoreapp\sample-app -            

2021-07-07 09:45:00.8677 - Product Received -            

2021-07-07 09:45:01.0130 - Product Pass to View -            

2021-07-07 09:45:01.8556 - Product Received -            

2021-07-07 09:45:01.8556 - Product Pass to View -            

2021-07-07 09:50:18.6866 - Now listening on: http://localhost:5000 -            

2021-07-07 09:50:18.7334 - Application started. Press Ctrl+C to shut down. -            

2021-07-07 09:50:18.7467 - Hosting environment: Production -            

2021-07-07 09:50:18.7532 - Content root path: D:\FreeLancerAssignments\TataPower\dotnetcoreapp\sample-app -            

2021-07-07 09:50:25.2365 - Product Received -            

2021-07-07 09:50:25.3725 - Product Pass to View -            

2021-07-07 09:50:27.4192 - Product Received -            

2021-07-07 09:50:27.4192 - Product Pass to View -            

2021-07-07 09:50:38.9119 - Product Received -            

2021-07-07 09:50:38.9119 - Product Pass to View -            

2021-07-07 09:50:40.5980 - Product Received -            

2021-07-07 09:50:40.5980 - Product Pass to View -            

2021-07-07 09:50:53.0445 - Product Received -            

2021-07-07 09:50:53.0594 - Product Pass to View -            

2021-07-07 09:50:55.0444 - Product Received -            

2021-07-07 09:50:55.0504 - Product Pass to View -            

2021-07-07 09:51:03.2234 - Product Received -            

2021-07-07 09:51:03.2234 - Product Pass to View -            

2021-07-07 09:51:06.0302 - Product Received -            

2021-07-07 09:51:06.0571 - Product Pass to View -            

2021-07-07 09:52:04.9602 - Now listening on: http://localhost:5000 -            

2021-07-07 09:52:05.0053 - Application started. Press Ctrl+C to shut down. -            

2021-07-07 09:52:05.0107 - Hosting environment: Production -            

2021-07-07 09:52:05.0107 - Content root path: D:\FreeLancerAssignments\TataPower\dotnetcoreapp\sample-app -            

2021-07-07 09:52:11.4248 - Product Received -            

2021-07-07 09:52:11.5535 - Product Pass to View -            

2021-07-07 09:52:13.6954 - Product Received -            

2021-07-07 09:52:13.7103 - Product Pass to View -            

2021-07-07 09:52:22.2235 - Product Received -            

2021-07-07 09:52:22.2271 - Product Pass to View -            

2021-07-07 09:52:23.4245 - Product Received -            

2021-07-07 09:52:23.4460 - Product Pass to View -            

2021-07-07 09:52:30.4056 - Product Received -            

2021-07-07 09:52:30.4056 - Product Pass to View -            

2021-07-07 09:52:30.9552 - Product Received -            

2021-07-07 09:52:30.9997 - Product Pass to View -            

2021-07-07 09:52:32.0142 - Product Received -            

2021-07-07 09:52:32.0215 - Product Pass to View -            

2021-07-07 09:52:32.3888 - Product Received -            

2021-07-07 09:52:32.4111 - Product Pass to View -            

2021-07-07 09:52:37.8338 - Product Received -            

2021-07-07 09:52:37.8338 - Product Pass to View -            

2021-07-07 09:52:38.2776 - Product Received -            

2021-07-07 09:52:38.2950 - Product Pass to View -            

2021-07-07 09:52:38.9797 - Product Received -            

2021-07-07 09:52:38.9797 - Product Pass to View -            

2021-07-07 09:52:39.2921 - Product Received -            

2021-07-07 09:52:39.2921 - Product Pass to View -            

2021-07-07 09:52:40.4883 - Product Received -            

2021-07-07 09:52:40.4883 - Product Pass to View -            

2021-07-07 09:52:40.7688 - Product Received -            

2021-07-07 09:52:40.7754 - Product Pass to View -            

2021-07-07 09:53:28.2375 - Now listening on: http://localhost:5000 -            

2021-07-07 09:53:28.3492 - Application started. Press Ctrl+C to shut down. -            

2021-07-07 09:53:28.3650 - Hosting environment: Production -            

2021-07-07 09:53:28.3926 - Content root path: D:\FreeLancerAssignments\TataPower\dotnetcoreapp\sample-app -            

2021-07-07 09:53:31.4452 - Product Received -            

2021-07-07 09:53:31.6649 - Product Pass to View -            

2021-07-07 09:53:32.6107 - Product Received -            

2021-07-07 09:53:32.6390 - Product Pass to View -            

2021-07-07 09:53:34.6258 - Product Received -            

2021-07-07 09:53:34.6258 - Product Pass to View -            

2021-07-07 09:53:34.9453 - Product Received -            

2021-07-07 09:53:34.9453 - Product Pass to View -            

2021-07-07 09:53:44.5988 - Product Received -            

2021-07-07 09:53:44.5988 - Product Pass to View -            

2021-07-07 09:53:45.0278 - Product Received -            

2021-07-07 09:53:45.0337 - Product Pass to View -            

2021-07-07 09:53:47.7206 - Product Received -            

2021-07-07 09:53:47.7206 - Product Pass to View -            

2021-07-07 09:53:47.9888 - Product Received -            

2021-07-07 09:53:47.9888 - Product Pass to View -            

2021-07-07 09:53:49.2592 - Product Received -            

2021-07-07 09:53:49.2656 - Product Pass to View -            

2021-07-07 09:53:49.6084 - Product Received -            

2021-07-07 09:53:49.6265 - Product Pass to View -            

2021-07-07 09:53:50.5321 - Product Received -            

2021-07-07 09:53:50.5480 - Product Pass to View -            

2021-07-07 09:53:50.7651 - Product Received -            

2021-07-07 09:53:50.7651 - Product Pass to View -            

2021-07-07 09:53:51.7433 - Product Received -            

2021-07-07 09:53:51.7496 - Product Pass to View -            

2021-07-07 09:53:52.0419 - Product Received -            

2021-07-07 09:53:52.0454 - Product Pass to View -            

2021-07-07 09:53:53.8748 - Product Received -            

2021-07-07 09:53:53.8748 - Product Pass to View -            

2021-07-07 09:53:54.1782 - Product Received -            

2021-07-07 09:53:54.1866 - Product Pass to View -            

2021-07-07 09:53:55.0769 - Product Received -            

2021-07-07 09:53:55.0769 - Product Pass to View -            

2021-07-07 09:53:55.3287 - Product Received -            

2021-07-07 09:53:55.3287 - Product Pass to View -            

2021-07-07 09:54:00.3956 - Product Received -            

2021-07-07 09:54:00.3956 - Product Pass to View -            

2021-07-07 09:54:00.7029 - Product Received -            

2021-07-07 09:54:00.7029 - Product Pass to View -            

2021-07-07 09:54:01.7997 - Product Received -            

2021-07-07 09:54:01.7997 - Product Pass to View -            

2021-07-07 09:54:02.0699 - Product Received -            

2021-07-07 09:54:02.0699 - Product Pass to View -            

2021-07-07 09:54:02.9764 - Product Received -            

2021-07-07 09:54:02.9801 - Product Pass to View -            

2021-07-07 09:54:03.2191 - Product Received -            

2021-07-07 09:54:03.2440 - Product Pass to View -            

2021-07-07 09:54:03.7164 - Product Received -            

2021-07-07 09:54:03.7164 - Product Pass to View -            

2021-07-07 09:54:04.0267 - Product Received -            

2021-07-07 09:54:04.0315 - Product Pass to View -            

2021-07-07 09:54:37.9893 - Now listening on: http://localhost:5000 -            

2021-07-07 09:54:38.0682 - Application started. Press Ctrl+C to shut down. -            

2021-07-07 09:54:38.0832 - Hosting environment: Production -            

2021-07-07 09:54:38.0869 - Content root path: D:\FreeLancerAssignments\TataPower\dotnetcoreapp\sample-app -            

2021-07-07 09:54:41.1208 - Product Received -            

2021-07-07 09:54:41.3176 - Product Pass to View -            

2021-07-07 09:54:42.0982 - Product Received -            

2021-07-07 09:54:42.1149 - Product Pass to View -            

2021-07-07 09:54:57.0558 - Product Received -            

2021-07-07 09:54:57.0558 - Product Pass to View -            

2021-07-07 09:54:57.3298 - Product Received -            

2021-07-07 09:54:57.3298 - Product Pass to View -            

2021-07-07 09:55:48.2909 - Now listening on: http://localhost:5000 -            

2021-07-07 09:55:48.3711 - Application started. Press Ctrl+C to shut down. -            

2021-07-07 09:55:48.3711 - Hosting environment: Production -            

2021-07-07 09:55:48.3879 - Content root path: D:\FreeLancerAssignments\TataPower\dotnetcoreapp\sample-app -            

2021-07-07 09:55:52.4856 - Product Received -            

2021-07-07 09:55:52.6697 - Product Pass to View -            

2021-07-07 09:55:53.9637 - Product Received -            

2021-07-07 09:55:53.9637 - Product Pass to View -            

2021-07-07 09:58:21.6227 - Product Received -            

2021-07-07 09:58:21.6227 - Product Pass to View -            

2021-07-07 09:58:22.0519 - Product Received -            

2021-07-07 09:58:22.0519 - Product Pass to View -            

2021-07-07 09:58:26.1168 - Product Received -            

2021-07-07 09:58:26.1223 - Product Pass to View -            

2021-07-07 09:58:26.4654 - Product Received -            

2021-07-07 09:58:26.4697 - Product Pass to View -            

2021-07-07 09:58:29.8921 - Product Received -            

2021-07-07 09:58:29.8921 - Product Pass to View -            

2021-07-07 09:58:30.2093 - Product Received -            

2021-07-07 09:58:30.2176 - Product Pass to View -            

2021-07-07 09:58:39.9105 - Product Received -            

2021-07-07 09:58:39.9225 - Product Pass to View -            

2021-07-07 09:58:40.2497 - Product Received -            

2021-07-07 09:58:40.2497 - Product Pass to View -            

2021-07-07 09:58:54.4079 - Product Received -            

2021-07-07 09:58:54.4079 - Product Pass to View -            

2021-07-07 09:58:54.7491 - Product Received -            

2021-07-07 09:58:54.7491 - Product Pass to View -            

2021-07-07 09:59:27.5266 - Now listening on: http://localhost:5000 -            

2021-07-07 09:59:27.5818 - Application started. Press Ctrl+C to shut down. -            

2021-07-07 09:59:27.5818 - Hosting environment: Production -            

2021-07-07 09:59:27.5970 - Content root path: D:\FreeLancerAssignments\TataPower\dotnetcoreapp\sample-app -            

2021-07-07 09:59:30.7184 - Product Received -            

2021-07-07 09:59:30.8676 - Product Pass to View -            

2021-07-07 09:59:31.7002 - Product Received -            

2021-07-07 09:59:31.7169 - Product Pass to View -            

2021-07-07 09:59:33.6711 - Product Received -            

2021-07-07 09:59:33.6711 - Product Pass to View -            

2021-07-07 09:59:34.0720 - Product Received -            

2021-07-07 09:59:34.0802 - Product Pass to View -            

2021-07-07 09:59:36.6158 - Product Received -            

2021-07-07 09:59:36.6249 - Product Pass to View -            

2021-07-07 09:59:36.8591 - Product Received -            

2021-07-07 09:59:36.8591 - Product Pass to View -            

2021-07-07 09:59:38.2453 - Product Received -            

2021-07-07 09:59:38.2662 - Product Pass to View -            

2021-07-07 09:59:38.5143 - Product Received -            

2021-07-07 09:59:38.5143 - Product Pass to View -            

2021-07-07 09:59:39.3204 - Product Received -            

2021-07-07 09:59:39.3296 - Product Pass to View -            

2021-07-07 09:59:39.6339 - Product Received -            

2021-07-07 09:59:39.6424 - Product Pass to View -            

2021-07-07 09:59:40.2970 - Product Received -            

2021-07-07 09:59:40.2970 - Product Pass to View -            

2021-07-07 09:59:40.4977 - Product Received -            

2021-07-07 09:59:40.5153 - Product Pass to View -            

2021-07-07 09:59:41.2758 - Product Received -            

2021-07-07 09:59:41.3325 - Product Pass to View -            

2021-07-07 09:59:41.6029 - Product Received -            

2021-07-07 09:59:41.6069 - Product Pass to View -            

2021-07-07 09:59:42.9717 - Product Received -            

2021-07-07 09:59:42.9799 - Product Pass to View -            

2021-07-07 09:59:43.1576 - Product Received -            

2021-07-07 09:59:43.1674 - Product Pass to View -            

2021-07-07 09:59:43.8172 - Product Received -            

2021-07-07 09:59:43.8232 - Product Pass to View -            

2021-07-07 09:59:44.0219 - Product Received -            

2021-07-07 09:59:44.0302 - Product Pass to View -            

2021-07-07 10:00:49.5442 - Now listening on: http://localhost:5000 -            

2021-07-07 10:00:49.6176 - Application started. Press Ctrl+C to shut down. -            

2021-07-07 10:00:49.6176 - Hosting environment: Production -            

2021-07-07 10:00:49.6176 - Content root path: D:\FreeLancerAssignments\TataPower\dotnetcoreapp\sample-app -            

2021-07-07 10:00:52.6924 - Product Received -            

2021-07-07 10:00:52.8209 - Product Pass to View -            

2021-07-07 10:00:53.7404 - Product Received -            

2021-07-07 10:00:53.7507 - Product Pass to View -            

2021-07-07 10:00:54.9758 - Product Received -            

2021-07-07 10:00:54.9758 - Product Pass to View -            

2021-07-07 10:00:55.2068 - Product Received -            

2021-07-07 10:00:55.2221 - Product Pass to View -            

2021-07-07 10:00:57.9182 - Product Received -            

2021-07-07 10:00:57.9182 - Product Pass to View -            

2021-07-07 10:00:58.2576 - Product Received -            

2021-07-07 10:00:58.2865 - Product Pass to View -            

2021-07-07 10:00:59.1645 - Product Received -            

2021-07-07 10:00:59.1645 - Product Pass to View -            

2021-07-07 10:00:59.5329 - Product Received -            

2021-07-07 10:00:59.5461 - Product Pass to View -            

2021-07-07 10:01:02.2505 - Product Received -            

2021-07-07 10:01:02.2505 - Product Pass to View -            

2021-07-07 10:01:02.4880 - Product Received -            

2021-07-07 10:01:02.5034 - Product Pass to View -            

2021-07-07 10:01:04.2934 - Product Received -            

2021-07-07 10:01:04.2934 - Product Pass to View -            

2021-07-07 10:01:04.5528 - Product Received -            

2021-07-07 10:01:04.5618 - Product Pass to View -            

2021-07-07 10:01:05.3913 - Product Received -            

2021-07-07 10:01:05.3977 - Product Pass to View -            

2021-07-07 10:01:05.6312 - Product Received -            

2021-07-07 10:01:05.6312 - Product Pass to View -            

2021-07-07 10:01:07.2494 - Product Received -            

2021-07-07 10:01:07.2831 - Product Pass to View -            

2021-07-07 10:01:07.6337 - Product Received -            

2021-07-07 10:01:07.6337 - Product Pass to View -            

2021-07-07 10:01:08.1199 - Product Received -            

2021-07-07 10:01:08.1307 - Product Pass to View -            

2021-07-07 10:01:08.4084 - Product Received -            

2021-07-07 10:01:08.4204 - Product Pass to View -            

2021-07-07 10:02:15.5360 - Now listening on: http://localhost:5000 -            

2021-07-07 10:02:15.6032 - Application started. Press Ctrl+C to shut down. -            

2021-07-07 10:02:15.6032 - Hosting environment: Production -            

2021-07-07 10:02:15.6124 - Content root path: D:\FreeLancerAssignments\TataPower\dotnetcoreapp\sample-app -            

2021-07-07 10:02:19.1591 - Product Received -            

2021-07-07 10:02:19.3433 - Product Pass to View -            

2021-07-07 10:02:20.2560 - Product Received -            

2021-07-07 10:02:20.2560 - Product Pass to View -            

2021-07-07 10:02:23.8700 - Product Received -            

2021-07-07 10:02:23.8700 - Product Pass to View -            

2021-07-07 10:02:24.1652 - Product Received -            

2021-07-07 10:02:24.1652 - Product Pass to View -            

2021-07-07 10:02:24.9311 - Product Received -            

2021-07-07 10:02:24.9311 - Product Pass to View -            

2021-07-07 10:02:25.1829 - Product Received -            

2021-07-07 10:02:25.1927 - Product Pass to View -            

2021-07-07 10:02:26.1493 - Product Received -            

2021-07-07 10:02:26.1762 - Product Pass to View -            

2021-07-07 10:02:26.5946 - Product Received -            

2021-07-07 10:02:26.6044 - Product Pass to View -            

2021-07-07 10:02:27.0086 - Product Received -            

2021-07-07 10:02:27.0086 - Product Pass to View -            

2021-07-07 10:02:27.2139 - Product Received -            

2021-07-07 10:02:27.2219 - Product Pass to View -            

2021-07-07 10:02:28.2071 - Product Received -            

2021-07-07 10:02:28.2071 - Product Pass to View -            

2021-07-07 10:02:28.4478 - Product Received -            

2021-07-07 10:02:28.4735 - Product Pass to View -            

2021-07-07 10:02:28.9998 - Product Received -            

2021-07-07 10:02:29.0058 - Product Pass to View -            

2021-07-07 10:02:29.1924 - Product Received -            

2021-07-07 10:02:29.1924 - Product Pass to View -            

2021-07-07 10:02:29.9415 - Product Received -            

2021-07-07 10:02:29.9415 - Product Pass to View -            

2021-07-07 10:02:30.2101 - Product Received -            

2021-07-07 10:02:30.2101 - Product Pass to View -            

2021-07-07 10:04:22.5134 - Now listening on: http://localhost:5000 -            

2021-07-07 10:04:22.6178 - Application started. Press Ctrl+C to shut down. -            

2021-07-07 10:04:22.7028 - Hosting environment: Production -            

2021-07-07 10:04:22.7341 - Content root path: D:\FreeLancerAssignments\TataPower\dotnetcoreapp\sample-app -            

2021-07-07 10:04:25.5354 - Product Received -            

2021-07-07 10:04:25.6657 - Product Pass to View -            

2021-07-07 10:04:26.4003 - Product Received -            

2021-07-07 10:04:26.4098 - Product Pass to View -            

2021-07-07 10:04:29.8655 - Product Received -            

2021-07-07 10:04:29.8722 - Product Pass to View -            

2021-07-07 10:04:30.1766 - Product Received -            

2021-07-07 10:04:30.1766 - Product Pass to View -            

2021-07-07 10:04:30.9394 - Product Received -            

2021-07-07 10:04:30.9394 - Product Pass to View -            

2021-07-07 10:04:31.1799 - Product Received -            

2021-07-07 10:04:31.1845 - Product Pass to View -            

2021-07-07 10:04:31.9530 - Product Received -            

2021-07-07 10:04:31.9698 - Product Pass to View -            

2021-07-07 10:04:32.3804 - Product Received -            

2021-07-07 10:04:32.4179 - Product Pass to View -            

2021-07-07 10:04:33.2060 - Product Received -            

2021-07-07 10:04:33.2060 - Product Pass to View -            

2021-07-07 10:04:33.4349 - Product Received -            

2021-07-07 10:04:33.4349 - Product Pass to View -            

2021-07-07 10:05:35.3653 - Now listening on: http://localhost:5000 -            

2021-07-07 10:05:35.4255 - Application started. Press Ctrl+C to shut down. -            

2021-07-07 10:05:35.6438 - Hosting environment: Production -            

2021-07-07 10:05:35.6783 - Content root path: D:\FreeLancerAssignments\TataPower\dotnetcoreapp\sample-app -            

2021-07-07 10:05:38.5814 - Product Received -            

2021-07-07 10:05:38.7506 - Product Pass to View -            

2021-07-07 10:05:39.6933 - Product Received -            

2021-07-07 10:05:39.7115 - Product Pass to View -            

2021-07-07 10:05:53.1981 - Product Received -            

2021-07-07 10:05:53.1981 - Product Pass to View -            

2021-07-07 10:05:53.4592 - Product Received -            

2021-07-07 10:05:53.4641 - Product Pass to View -            

2021-07-07 10:06:36.7159 - Product Received -            

2021-07-07 10:06:36.7316 - Product Pass to View -            

2021-07-07 10:06:37.0177 - Product Received -            

2021-07-07 10:06:37.0227 - Product Pass to View -            

2021-07-07 10:06:38.8601 - Product Received -            

2021-07-07 10:06:38.8762 - Product Pass to View -            

2021-07-07 10:06:39.3071 - Product Received -            

2021-07-07 10:06:39.3202 - Product Pass to View -            

2021-07-07 10:06:40.6989 - Product Received -            

2021-07-07 10:06:40.6989 - Product Pass to View -            

2021-07-07 10:06:41.0007 - Product Received -            

2021-07-07 10:06:41.0007 - Product Pass to View -            

2021-07-07 10:06:43.8574 - Product Received -            

2021-07-07 10:06:43.8930 - Product Pass to View -            

2021-07-07 10:06:44.3556 - Product Received -            

2021-07-07 10:06:44.3723 - Product Pass to View -            

2021-07-07 10:06:47.2272 - Product Received -            

2021-07-07 10:06:47.2272 - Product Pass to View -            

2021-07-07 10:06:47.6831 - Product Received -            

2021-07-07 10:06:47.6955 - Product Pass to View -            

2021-07-07 10:06:48.7322 - Product Received -            

2021-07-07 10:06:48.7322 - Product Pass to View -            

2021-07-07 10:06:48.9932 - Product Received -            

2021-07-07 10:06:48.9932 - Product Pass to View -            

2021-07-07 10:06:50.3104 - Product Received -            

2021-07-07 10:06:50.3104 - Product Pass to View -            

2021-07-07 10:06:50.5295 - Product Received -            

2021-07-07 10:06:50.5295 - Product Pass to View -            

2021-07-07 10:06:52.0967 - Product Received -            

2021-07-07 10:06:52.1007 - Product Pass to View -            

2021-07-07 10:06:52.4281 - Product Received -            

2021-07-07 10:06:52.4281 - Product Pass to View -            

2021-07-07 10:06:53.7598 - Product Received -            

2021-07-07 10:06:53.7762 - Product Pass to View -            

2021-07-07 10:06:54.0119 - Product Received -            

2021-07-07 10:06:54.0284 - Product Pass to View -            

2021-07-07 10:06:55.1379 - Product Received -            

2021-07-07 10:06:55.1379 - Product Pass to View -            

2021-07-07 10:06:55.3809 - Product Received -            

2021-07-07 10:06:55.3867 - Product Pass to View -            

2021-07-07 10:06:57.4462 - Product Received -            

2021-07-07 10:06:57.4462 - Product Pass to View -            

2021-07-07 10:06:57.7865 - Product Received -            

2021-07-07 10:06:57.7958 - Product Pass to View -            

2021-07-07 10:06:59.0934 - Product Received -            

2021-07-07 10:06:59.1041 - Product Pass to View -            

2021-07-07 10:06:59.3792 - Product Received -            

2021-07-07 10:06:59.3945 - Product Pass to View -            

2021-07-07 10:07:00.3446 - Product Received -            

2021-07-07 10:07:00.3521 - Product Pass to View -            

2021-07-07 10:07:00.5783 - Product Received -            

2021-07-07 10:07:00.5885 - Product Pass to View -            

2021-07-07 10:07:01.8468 - Product Received -            

2021-07-07 10:07:01.8523 - Product Pass to View -            

2021-07-07 10:07:02.1217 - Product Received -            

2021-07-07 10:07:02.1352 - Product Pass to View -            

2021-07-07 10:07:03.4553 - Product Received -            

2021-07-07 10:07:03.4673 - Product Pass to View -            

2021-07-07 10:07:03.7242 - Product Received -            

2021-07-07 10:07:03.7428 - Product Pass to View -            

2021-07-07 10:09:04.5707 - Product Received -            

2021-07-07 10:09:04.6165 - Product Pass to View -            

2021-07-07 10:09:04.8396 - Product Received -            

2021-07-07 10:09:04.8480 - Product Pass to View -            

2021-07-07 10:09:08.8870 - Product Received -            

2021-07-07 10:09:08.8921 - Product Pass to View -            

2021-07-07 10:09:09.2487 - Product Received -            

2021-07-07 10:09:09.2602 - Product Pass to View -            

2021-07-07 10:09:13.6418 - Product Received -            

2021-07-07 10:09:13.6966 - Product Pass to View -            

2021-07-07 10:09:14.0796 - Product Received -            

2021-07-07 10:09:14.0796 - Product Pass to View -            

2021-07-07 10:09:15.5298 - Product Received -            

2021-07-07 10:09:15.5446 - Product Pass to View -            

2021-07-07 10:09:15.8237 - Product Received -            

2021-07-07 10:09:15.8305 - Product Pass to View -            

2021-07-07 10:09:24.0297 - Product Received -            

2021-07-07 10:09:24.0397 - Product Pass to View -            

2021-07-07 10:09:24.2911 - Product Received -            

2021-07-07 10:09:24.2973 - Product Pass to View -            

2021-07-07 10:09:27.2246 - Product Received -            

2021-07-07 10:09:27.2246 - Product Pass to View -            

2021-07-07 10:09:27.5426 - Product Received -            

2021-07-07 10:09:27.5477 - Product Pass to View -            

2021-07-07 10:09:32.0001 - Product Received -            

2021-07-07 10:09:32.0001 - Product Pass to View -            

2021-07-07 10:09:32.3635 - Product Received -            

2021-07-07 10:09:32.3753 - Product Pass to View -            

2021-07-07 10:09:33.6317 - Product Received -            

2021-07-07 10:09:33.6317 - Product Pass to View -            

2021-07-07 10:09:33.8497 - Product Received -            

2021-07-07 10:09:33.8580 - Product Pass to View -            

2021-07-07 10:09:38.9692 - Product Received -            

2021-07-07 10:09:38.9866 - Product Pass to View -            

2021-07-07 10:09:39.3209 - Product Received -            

2021-07-07 10:09:39.3324 - Product Pass to View -            

2021-07-07 10:09:44.8842 - Product Received -            

2021-07-07 10:09:44.8952 - Product Pass to View -            

2021-07-07 10:09:45.1716 - Product Received -            

2021-07-07 10:09:45.1716 - Product Pass to View -            

2021-07-07 10:09:49.8138 - Product Received -            

2021-07-07 10:09:49.8138 - Product Pass to View -            

2021-07-07 10:09:50.2113 - Product Received -            

2021-07-07 10:09:50.2187 - Product Pass to View -            

2021-07-07 10:10:03.7293 - Product Received -            

2021-07-07 10:10:03.7366 - Product Pass to View -            

2021-07-07 10:10:04.2182 - Product Received -            

2021-07-07 10:10:04.2182 - Product Pass to View -            

2021-07-07 10:14:51.0495 - Now listening on: http://localhost:5000 -            

2021-07-07 10:14:51.1138 - Application started. Press Ctrl+C to shut down. -            

2021-07-07 10:14:51.1138 - Hosting environment: Production -            

2021-07-07 10:14:51.1433 - Content root path: D:\FreeLancerAssignments\TataPower\dotnetcoreapp\sample-app -            

2021-07-07 10:14:54.3339 - Product Received -            

2021-07-07 10:14:54.4983 - Product Pass to View -            

2021-07-07 10:14:55.4409 - Product Received -            

2021-07-07 10:14:55.4409 - Product Pass to View -            

2021-07-07 10:14:58.3928 - Product Received -            

2021-07-07 10:14:58.3928 - Product Pass to View -            

2021-07-07 10:14:58.6828 - Product Received -            

2021-07-07 10:14:58.6972 - Product Pass to View -            

2021-07-07 10:15:03.4173 - Product Received -            

2021-07-07 10:15:03.4173 - Product Pass to View -            

2021-07-07 10:15:03.6786 - Product Received -            

2021-07-07 10:15:03.6786 - Product Pass to View -            

2021-07-07 10:15:04.5833 - Product Received -            

2021-07-07 10:15:04.5967 - Product Pass to View -            

2021-07-07 10:15:04.8921 - Product Received -            

2021-07-07 10:15:04.8921 - Product Pass to View -            

2021-07-07 10:15:06.1395 - Product Received -            

2021-07-07 10:15:06.1461 - Product Pass to View -            

2021-07-07 10:15:06.3412 - Product Received -            

2021-07-07 10:15:06.3530 - Product Pass to View -            

2021-07-07 10:15:12.9454 - Product Received -            

2021-07-07 10:15:12.9804 - Product Pass to View -            

2021-07-07 10:15:13.2617 - Product Received -            

2021-07-07 10:15:13.2663 - Product Pass to View -            

2021-07-07 10:15:18.5299 - Product Received -            

2021-07-07 10:15:18.5382 - Product Pass to View -            

2021-07-07 10:15:18.8099 - Product Received -            

2021-07-07 10:15:18.8147 - Product Pass to View -            

2021-07-07 10:15:21.9394 - Product Received -            

2021-07-07 10:15:21.9564 - Product Pass to View -            

2021-07-07 10:15:22.1888 - Product Received -            

2021-07-07 10:15:22.2202 - Product Pass to View -            

2021-07-07 10:15:23.9388 - Product Received -            

2021-07-07 10:15:23.9388 - Product Pass to View -            

2021-07-07 10:15:24.1727 - Product Received -            

2021-07-07 10:15:24.1727 - Product Pass to View -            

2021-07-07 10:15:25.8979 - Product Received -            

2021-07-07 10:15:25.8979 - Product Pass to View -            

2021-07-07 10:15:26.1620 - Product Received -            

2021-07-07 10:15:26.1620 - Product Pass to View -            

2021-07-07 10:15:46.0029 - Product Received -            

2021-07-07 10:15:46.0177 - Product Pass to View -            

2021-07-07 10:15:46.2889 - Product Received -            

2021-07-07 10:15:46.3048 - Product Pass to View -            

2021-07-07 10:16:19.5632 - Now listening on: http://localhost:5000 -            

2021-07-07 10:16:19.6190 - Application started. Press Ctrl+C to shut down. -            

2021-07-07 10:16:19.6379 - Hosting environment: Production -            

2021-07-07 10:16:19.6379 - Content root path: D:\FreeLancerAssignments\TataPower\dotnetcoreapp\sample-app -            

2021-07-07 10:16:22.6862 - Product Received -            

2021-07-07 10:16:22.8288 - Product Pass to View -            

2021-07-07 10:16:23.6892 - Product Received -            

2021-07-07 10:16:23.6892 - Product Pass to View -            

2021-07-07 10:16:26.3266 - Product Received -            

2021-07-07 10:16:26.3266 - Product Pass to View -            

2021-07-07 10:16:51.2399 - Model State is Valid -            

2021-07-07 10:16:51.2812 - Product Received -            

2021-07-07 10:16:51.2812 - Product Pass to View -            

2021-07-07 10:16:51.5210 - Product Received -            

2021-07-07 10:16:51.5210 - Product Pass to View -            

2021-07-07 10:16:53.3139 - Product Received -            

2021-07-07 10:16:53.3139 - Product Pass to View -            

2021-07-07 10:16:53.7411 - Product Received -            

2021-07-07 10:16:53.7536 - Product Pass to View -            

2021-07-07 10:16:54.3952 - Product Received -            

2021-07-07 10:16:54.4148 - Product Pass to View -            

2021-07-07 10:16:54.6656 - Product Received -            

2021-07-07 10:16:54.6742 - Product Pass to View -            

2021-07-07 10:16:55.8244 - Product Received -            

2021-07-07 10:16:55.8244 - Product Pass to View -            

2021-07-07 10:16:56.1039 - Product Received -            

2021-07-07 10:16:56.1102 - Product Pass to View -            

2021-07-07 10:16:57.5006 - Product Received -            

2021-07-07 10:16:57.5006 - Product Pass to View -            

2021-07-07 10:16:57.8043 - Product Received -            

2021-07-07 10:16:57.8162 - Product Pass to View -            

2021-07-07 10:17:03.6747 - Product Received -            

2021-07-07 10:17:03.6960 - Product Pass to View -            

2021-07-07 10:17:03.9601 - Product Received -            

2021-07-07 10:17:03.9798 - Product Pass to View -            

2021-07-07 10:17:05.1938 - Product Received -            

2021-07-07 10:17:05.1983 - Product Pass to View -            

2021-07-07 10:17:05.4757 - Product Received -            

2021-07-07 10:17:05.4851 - Product Pass to View -            

2021-07-07 10:17:06.9481 - Product Received -            

2021-07-07 10:17:06.9481 - Product Pass to View -            

2021-07-07 10:17:21.5885 - Model State is Valid -            

2021-07-07 10:17:21.6239 - Product Received -            

2021-07-07 10:17:21.6475 - Product Pass to View -            

2021-07-07 10:17:21.9456 - Product Received -            

2021-07-07 10:17:21.9515 - Product Pass to View -            

2021-07-07 10:17:23.9219 - Product Received -            

2021-07-07 10:17:23.9219 - Product Pass to View -            

2021-07-07 10:17:24.2430 - Product Received -            

2021-07-07 10:17:24.2515 - Product Pass to View -            

2021-07-07 10:17:28.9332 - Product Received -            

2021-07-07 10:17:28.9472 - Product Pass to View -            

2021-07-07 10:17:29.3584 - Product Received -            

2021-07-07 10:17:29.3584 - Product Pass to View -            

2021-07-07 10:17:30.6057 - Product Received -            

2021-07-07 10:17:30.6057 - Product Pass to View -            

2021-07-07 10:17:46.9973 - Model State is Valid -            

2021-07-07 10:17:47.0404 - Product Received -            

2021-07-07 10:17:47.0664 - Product Pass to View -            

2021-07-07 10:17:47.4160 - Product Received -            

2021-07-07 10:17:47.4317 - Product Pass to View -            

2021-07-07 10:17:49.2826 - Product Received -            

2021-07-07 10:17:49.2901 - Product Pass to View -            

2021-07-07 10:17:49.5975 - Product Received -            

2021-07-07 10:17:49.6067 - Product Pass to View -            

2021-07-07 10:17:51.1380 - Product Received -            

2021-07-07 10:17:51.1508 - Product Pass to View -            

2021-07-07 10:17:51.4291 - Product Received -            

2021-07-07 10:17:51.4434 - Product Pass to View -            

2021-07-07 10:17:52.7653 - Product Received -            

2021-07-07 10:17:52.7653 - Product Pass to View -            

2021-07-07 10:17:52.9794 - Product Received -            

2021-07-07 10:17:52.9794 - Product Pass to View -            

2021-07-07 10:18:17.5840 - Now listening on: http://localhost:5000 -            

2021-07-07 10:18:17.6645 - Application started. Press Ctrl+C to shut down. -            

2021-07-07 10:18:17.6645 - Hosting environment: Production -            

2021-07-07 10:18:17.6819 - Content root path: D:\FreeLancerAssignments\TataPower\dotnetcoreapp\sample-app -            

2021-07-07 10:18:20.9953 - Product Received -            

2021-07-07 10:18:21.1673 - Product Pass to View -            

2021-07-07 10:18:22.1159 - Product Received -            

2021-07-07 10:18:22.1238 - Product Pass to View -            

2021-07-07 10:18:33.4692 - Product Received -            

2021-07-07 10:18:33.4893 - Product Pass to View -            

2021-07-07 10:18:33.7741 - Product Received -            

2021-07-07 10:18:33.7741 - Product Pass to View -            

2021-07-07 10:18:34.3073 - Product Received -            

2021-07-07 10:18:34.3073 - Product Pass to View -            

2021-07-07 10:18:34.5791 - Product Received -            

2021-07-07 10:18:34.5868 - Product Pass to View -            

2021-07-07 10:18:36.9480 - Product Received -            

2021-07-07 10:18:36.9480 - Product Pass to View -            

2021-07-07 10:18:37.3914 - Product Received -            

2021-07-07 10:18:37.4008 - Product Pass to View -            

2021-07-07 10:18:37.7568 - Product Received -            

2021-07-07 10:18:37.7568 - Product Pass to View -            

2021-07-07 10:18:38.0396 - Product Received -            

2021-07-07 10:18:38.0666 - Product Pass to View -            

2021-07-07 10:18:38.6107 - Product Received -            

2021-07-07 10:18:38.6174 - Product Pass to View -            

2021-07-07 10:18:38.8487 - Product Received -            

2021-07-07 10:18:38.8542 - Product Pass to View -            

2021-07-07 10:18:41.3056 - Product Received -            

2021-07-07 10:18:41.3056 - Product Pass to View -            

2021-07-07 10:18:46.1110 - Product Received -            

2021-07-07 10:18:46.1165 - Product Pass to View -            

2021-07-07 10:18:46.5757 - Product Received -            

2021-07-07 10:18:46.5864 - Product Pass to View -            

2021-07-07 10:18:48.6341 - Product Received -            

2021-07-07 10:18:48.6526 - Product Pass to View -            

2021-07-07 10:18:57.7767 - Model State is Valid  -            

2021-07-07 10:18:57.8140 - Product Received -            

2021-07-07 10:18:57.8188 - Product Pass to View -            

2021-07-07 10:18:58.0734 - Product Received -            

2021-07-07 10:18:58.0829 - Product Pass to View -            

2021-07-07 10:18:59.8847 - Product Deleted for Id 11 -            

2021-07-07 10:18:59.8970 - Product Received -            

2021-07-07 10:18:59.8970 - Product Pass to View -            

2021-07-07 10:19:00.1815 - Product Received -            

2021-07-07 10:19:00.1955 - Product Pass to View -            

2021-07-07 10:19:04.0129 - Product Deleted for Id 12 -            

2021-07-07 10:19:04.0579 - Product Received -            

2021-07-07 10:19:04.0579 - Product Pass to View -            

2021-07-07 10:19:04.3524 - Product Received -            

2021-07-07 10:19:04.3655 - Product Pass to View -            

2021-07-07 10:19:05.7546 - Product Deleted for Id 2 -            

2021-07-07 10:19:05.7771 - Product Received -            

2021-07-07 10:19:05.7771 - Product Pass to View -            

2021-07-07 10:19:06.0227 - Product Received -            

2021-07-07 10:19:06.0227 - Product Pass to View -            

2021-07-07 10:19:06.1299 - Product Deleted for Id 3 -            

2021-07-07 10:19:06.1465 - Product Received -            

2021-07-07 10:19:06.1630 - Product Pass to View -            

2021-07-07 10:19:06.4257 - Product Received -            

2021-07-07 10:19:06.4706 - Product Pass to View -            

2021-07-07 10:19:08.1614 - Product Deleted for Id 1 -            

2021-07-07 10:19:08.1788 - Product Received -            

2021-07-07 10:19:08.1788 - Product Pass to View -            

2021-07-07 10:19:08.4019 - Product Received -            

2021-07-07 10:19:08.4019 - Product Pass to View -            

2021-07-07 10:19:11.7713 - Product Received -            

2021-07-07 10:19:11.7713 - Product Pass to View -            

2021-07-07 10:19:12.0795 - Product Received -            

2021-07-07 10:19:12.0895 - Product Pass to View -            

2021-07-07 10:19:13.9116 - Product Received -            

2021-07-07 10:19:13.9116 - Product Pass to View -            

2021-07-07 10:19:14.1580 - Product Received -            

2021-07-07 10:19:14.1919 - Product Pass to View -            

2021-07-07 10:24:30.5975 - Now listening on: http://localhost:5000 -            

2021-07-07 10:24:30.9100 - Application started. Press Ctrl+C to shut down. -            

2021-07-07 10:24:31.4919 - Hosting environment: Production -            

2021-07-07 10:24:31.6137 - Content root path: D:\FreeLancerAssignments\TataPower\dotnetcoreapp\sample-app -            

2021-07-07 10:24:36.8106 - Product Received -            

2021-07-07 10:24:37.1131 - Product Pass to View -            

2021-07-07 10:24:39.4756 - Product Received -            

2021-07-07 10:24:39.5410 - Product Pass to View -            

2021-07-07 10:24:42.5747 - Product Received -            

2021-07-07 10:24:42.6120 - Product Pass to View -            

