2021-07-05 08:45:30.8011 - Now listening on: http://localhost:5000 -            

2021-07-05 08:45:30.8686 - Application started. Press Ctrl+C to shut down. -            

2021-07-05 08:45:30.9001 - Hosting environment: Production -            

2021-07-05 08:45:30.9044 - Content root path: D:\FreeLancerAssignments\TataPower\dotnetcoreapp\sample-app -            

2021-07-05 08:45:48.2530 - Product Received -            

2021-07-05 08:45:48.4198 - Product Pass to View -            

2021-07-05 09:16:17.3147 - Now listening on: http://localhost:5000 -            

2021-07-05 09:16:17.3959 - Application started. Press Ctrl+C to shut down. -            

2021-07-05 09:16:17.4109 - Hosting environment: Production -            

2021-07-05 09:16:17.4229 - Content root path: D:\FreeLancerAssignments\TataPower\dotnetcoreapp\sample-app -            

2021-07-05 09:16:20.7399 - Product Received -            

2021-07-05 09:16:20.8941 - Product Pass to View -            

2021-07-05 09:16:51.7106 - Now listening on: http://localhost:5000 -            

2021-07-05 09:16:51.7838 - Application started. Press Ctrl+C to shut down. -            

2021-07-05 09:16:51.7838 - Hosting environment: Production -            

2021-07-05 09:16:51.7838 - Content root path: D:\FreeLancerAssignments\TataPower\dotnetcoreapp\sample-app -            

2021-07-05 09:16:54.8071 - Product Received -            

2021-07-05 09:16:54.9529 - Product Pass to View -            

2021-07-05 09:31:31.1853 - Now listening on: http://localhost:5000 -            

2021-07-05 09:31:31.2346 - Application started. Press Ctrl+C to shut down. -            

2021-07-05 09:31:31.2346 - Hosting environment: Production -            

2021-07-05 09:31:31.2568 - Content root path: D:\FreeLancerAssignments\TataPower\dotnetcoreapp\sample-app -            

2021-07-05 09:31:34.6063 - Product Received -            

2021-07-05 09:31:34.7831 - Product Pass to View -            

2021-07-05 09:31:44.7147 - Product Received -            

2021-07-05 09:31:44.7248 - Product Pass to View -            

2021-07-05 09:31:53.5668 - Product Received -            

2021-07-05 09:31:53.5668 - Product Pass to View -            

2021-07-05 09:37:08.0612 - Now listening on: http://localhost:5000 -            

2021-07-05 09:37:08.3309 - Application started. Press Ctrl+C to shut down. -            

2021-07-05 09:37:08.3608 - Hosting environment: Production -            

2021-07-05 09:37:08.3608 - Content root path: D:\FreeLancerAssignments\TataPower\dotnetcoreapp\sample-app -            

2021-07-05 09:37:11.2539 - Product Received -            

2021-07-05 09:37:11.4453 - Product Pass to View -            

2021-07-05 09:39:41.9411 - Now listening on: http://localhost:5000 -            

2021-07-05 09:39:42.1573 - Application started. Press Ctrl+C to shut down. -            

2021-07-05 09:39:42.1724 - Hosting environment: Production -            

2021-07-05 09:39:42.2018 - Content root path: D:\FreeLancerAssignments\TataPower\dotnetcoreapp\sample-app -            

2021-07-05 09:39:44.8402 - Product Received -            

2021-07-05 09:39:44.9708 - Product Pass to View -            

2021-07-05 09:45:20.3619 - Now listening on: http://localhost:5000 -            

2021-07-05 09:45:20.4107 - Application started. Press Ctrl+C to shut down. -            

2021-07-05 09:45:20.4223 - Hosting environment: Production -            

2021-07-05 09:45:20.4223 - Content root path: D:\FreeLancerAssignments\TataPower\dotnetcoreapp\sample-app -            

2021-07-05 09:45:23.5507 - Product Received -            

2021-07-05 09:45:23.7079 - Product Pass to View -            

2021-07-05 09:46:04.6331 - Product Received -            

2021-07-05 09:46:04.6331 - Product Pass to View -            

2021-07-05 09:49:29.2948 - Now listening on: http://localhost:5000 -            

2021-07-05 09:49:29.3631 - Application started. Press Ctrl+C to shut down. -            

2021-07-05 09:49:29.3797 - Hosting environment: Production -            

2021-07-05 09:49:29.3797 - Content root path: D:\FreeLancerAssignments\TataPower\dotnetcoreapp\sample-app -            

2021-07-05 09:49:32.2191 - Product Received -            

2021-07-05 09:49:32.3376 - Product Pass to View -            

2021-07-05 09:49:43.3701 - Product Received from Get Product By Id Method -            

2021-07-05 09:49:46.5312 - Product Received -            

2021-07-05 09:49:46.5312 - Product Pass to View -            

2021-07-05 09:57:21.0577 - Now listening on: http://localhost:5000 -            

2021-07-05 09:57:21.1249 - Application started. Press Ctrl+C to shut down. -            

2021-07-05 09:57:21.1249 - Hosting environment: Production -            

2021-07-05 09:57:21.1249 - Content root path: D:\FreeLancerAssignments\TataPower\dotnetcoreapp\sample-app -            

2021-07-05 09:57:28.3207 - Product Received -            

2021-07-05 09:57:28.4723 - Product Pass to View -            

2021-07-05 09:57:30.5395 - Product Received -            

2021-07-05 09:57:30.5488 - Product Pass to View -            

2021-07-05 09:58:28.9933 - Product Received -            

2021-07-05 09:58:29.0226 - Product Pass to View -            

2021-07-05 09:58:31.0550 - Product Received -            

2021-07-05 09:58:31.0550 - Product Pass to View -            

2021-07-05 09:58:43.3410 - Product Received -            

2021-07-05 09:58:43.3450 - Product Pass to View -            

2021-07-05 09:58:44.8078 - Product Received -            

2021-07-05 09:58:44.8150 - Product Pass to View -            

2021-07-05 10:01:23.7928 - Now listening on: http://localhost:5000 -            

2021-07-05 10:01:23.9200 - Application started. Press Ctrl+C to shut down. -            

2021-07-05 10:01:23.9939 - Hosting environment: Production -            

2021-07-05 10:01:24.0013 - Content root path: D:\FreeLancerAssignments\TataPower\dotnetcoreapp\sample-app -            

2021-07-05 10:01:29.9726 - Product Received -            

2021-07-05 10:01:30.1775 - Product Pass to View -            

2021-07-05 10:01:33.5640 - Product Received -            

2021-07-05 10:01:33.5640 - Product Pass to View -            

2021-07-05 10:02:59.3599 - Product Received -            

2021-07-05 10:03:00.8495 - Product Pass to View -            

2021-07-05 10:03:02.2206 - Product Received -            

2021-07-05 10:03:02.2347 - Product Pass to View -            

2021-07-05 10:04:38.1973 - Now listening on: http://localhost:5000 -            

2021-07-05 10:04:38.2603 - Application started. Press Ctrl+C to shut down. -            

2021-07-05 10:04:38.2658 - Hosting environment: Production -            

2021-07-05 10:04:38.2658 - Content root path: D:\FreeLancerAssignments\TataPower\dotnetcoreapp\sample-app -            

2021-07-05 10:04:50.9239 - Product Received -            

2021-07-05 10:04:51.0781 - Product Pass to View -            

2021-07-05 10:04:55.3554 - Product Received -            

2021-07-05 10:04:55.3679 - Product Pass to View -            

2021-07-05 10:05:14.6921 - Product Received -            

2021-07-05 10:05:14.7059 - Product Pass to View -            

2021-07-05 10:05:25.4509 - Product Received -            

2021-07-05 10:05:25.5172 - Product Pass to View -            

2021-07-05 10:05:57.5271 - Now listening on: http://localhost:5000 -            

2021-07-05 10:05:57.5849 - Application started. Press Ctrl+C to shut down. -            

2021-07-05 10:05:57.5983 - Hosting environment: Production -            

2021-07-05 10:05:57.5983 - Content root path: D:\FreeLancerAssignments\TataPower\dotnetcoreapp\sample-app -            

2021-07-05 10:06:00.9031 - Product Received -            

2021-07-05 10:06:01.1053 - Product Pass to View -            

2021-07-05 10:06:02.0309 - Product Received -            

2021-07-05 10:06:02.0698 - Product Pass to View -            

2021-07-05 10:06:08.1125 - Product Received -            

2021-07-05 10:06:08.1275 - Product Pass to View -            

2021-07-05 10:06:08.4288 - Product Received -            

2021-07-05 10:06:08.4373 - Product Pass to View -            

2021-07-05 10:06:11.4557 - Product Received -            

2021-07-05 10:06:11.4557 - Product Pass to View -            

2021-07-05 10:06:11.9178 - Product Received -            

2021-07-05 10:06:11.9223 - Product Pass to View -            

2021-07-05 10:06:14.3246 - Product Received -            

2021-07-05 10:06:14.3283 - Product Pass to View -            

2021-07-05 10:06:14.6743 - Product Received -            

2021-07-05 10:06:14.6743 - Product Pass to View -            

2021-07-05 10:09:03.4161 - Product Received -            

2021-07-05 10:09:03.4516 - Product Pass to View -            

2021-07-05 10:09:03.7465 - Product Received -            

2021-07-05 10:09:03.7530 - Product Pass to View -            

2021-07-05 10:11:06.5735 - Now listening on: http://localhost:5000 -            

2021-07-05 10:11:06.6779 - Application started. Press Ctrl+C to shut down. -            

2021-07-05 10:11:06.7235 - Hosting environment: Production -            

2021-07-05 10:11:06.7706 - Content root path: D:\FreeLancerAssignments\TataPower\dotnetcoreapp\sample-app -            

2021-07-05 10:11:12.2604 - Product Received -            

2021-07-05 10:11:12.4422 - Product Pass to View -            

2021-07-05 10:11:15.9221 - Product Received -            

2021-07-05 10:11:15.9400 - Product Pass to View -            

2021-07-05 10:11:26.8736 - Product Received -            

2021-07-05 10:11:26.8974 - Product Pass to View -            

2021-07-05 10:11:28.8644 - Product Received -            

2021-07-05 10:11:28.8644 - Product Pass to View -            

2021-07-05 10:11:36.7532 - Product Received -            

2021-07-05 10:11:36.7532 - Product Pass to View -            

2021-07-05 10:11:38.1522 - Product Received -            

2021-07-05 10:11:38.1569 - Product Pass to View -            

2021-07-05 10:16:00.5759 - Now listening on: http://localhost:5000 -            

2021-07-05 10:16:00.6413 - Application started. Press Ctrl+C to shut down. -            

2021-07-05 10:16:00.6413 - Hosting environment: Production -            

2021-07-05 10:16:00.6636 - Content root path: D:\FreeLancerAssignments\TataPower\dotnetcoreapp\sample-app -            

2021-07-05 10:16:03.8096 - Product Received -            

2021-07-05 10:16:03.9606 - Product Pass to View -            

2021-07-05 10:16:04.6375 - Product Received -            

2021-07-05 10:16:04.6626 - Product Pass to View -            

2021-07-05 10:16:11.9352 - Product Received -            

2021-07-05 10:16:11.9352 - Product Pass to View -            

2021-07-05 10:16:12.2188 - Product Received -            

2021-07-05 10:16:12.2188 - Product Pass to View -            

2021-07-05 10:16:15.5662 - Product Received -            

2021-07-05 10:16:15.5950 - Product Pass to View -            

2021-07-05 10:16:15.9788 - Product Received -            

2021-07-05 10:16:15.9829 - Product Pass to View -            

2021-07-05 10:16:20.4911 - Product Received -            

2021-07-05 10:16:20.5007 - Product Pass to View -            

2021-07-05 10:16:20.8180 - Product Received -            

2021-07-05 10:16:20.8180 - Product Pass to View -            

2021-07-05 10:16:25.2250 - Product Received -            

2021-07-05 10:16:25.2353 - Product Pass to View -            

2021-07-05 10:16:25.5118 - Product Received -            

2021-07-05 10:16:25.5177 - Product Pass to View -            

2021-07-05 10:23:49.9425 - Now listening on: http://localhost:5000 -            

2021-07-05 10:23:50.0902 - Application started. Press Ctrl+C to shut down. -            

2021-07-05 10:23:50.1001 - Hosting environment: Production -            

2021-07-05 10:23:50.1087 - Content root path: D:\FreeLancerAssignments\TataPower\dotnetcoreapp\sample-app -            

2021-07-05 10:23:58.0488 - Product Received -            

2021-07-05 10:23:58.1798 - Product Pass to View -            

2021-07-05 10:23:58.9067 - Product Received -            

2021-07-05 10:23:58.9067 - Product Pass to View -            

2021-07-05 10:24:10.3853 - Product Received -            

2021-07-05 10:24:10.3902 - Product Pass to View -            

2021-07-05 10:24:10.6860 - Product Received -            

2021-07-05 10:24:10.6860 - Product Pass to View -            

2021-07-05 10:24:51.3549 - Product Received -            

2021-07-05 10:24:51.3626 - Product Pass to View -            

2021-07-05 10:24:52.6278 - Product Received -            

2021-07-05 10:24:52.6278 - Product Pass to View -            

2021-07-05 10:25:46.8038 - Now listening on: http://localhost:5000 -            

2021-07-05 10:25:46.8798 - Application started. Press Ctrl+C to shut down. -            

2021-07-05 10:25:46.8906 - Hosting environment: Production -            

2021-07-05 10:25:46.8906 - Content root path: D:\FreeLancerAssignments\TataPower\dotnetcoreapp\sample-app -            

2021-07-05 10:25:52.2977 - Product Received -            

2021-07-05 10:25:52.5207 - Product Pass to View -            

2021-07-05 10:25:54.6369 - Product Received -            

2021-07-05 10:25:54.6428 - Product Pass to View -            

2021-07-05 10:26:06.4697 - Product Received -            

2021-07-05 10:26:06.4697 - Product Pass to View -            

2021-07-05 10:26:16.0466 - Product Received -            

2021-07-05 10:26:16.0648 - Product Received -            

2021-07-05 10:26:16.0855 - Product Pass to View -            

2021-07-05 10:26:16.1030 - Product Pass to View -            

2021-07-05 10:26:17.5936 - Product Received -            

2021-07-05 10:26:17.5936 - Product Pass to View -            

2021-07-05 10:26:44.5114 - Now listening on: http://localhost:5000 -            

2021-07-05 10:26:44.5883 - Application started. Press Ctrl+C to shut down. -            

2021-07-05 10:26:44.6016 - Hosting environment: Production -            

2021-07-05 10:26:44.6016 - Content root path: D:\FreeLancerAssignments\TataPower\dotnetcoreapp\sample-app -            

2021-07-05 10:26:49.6792 - Product Received -            

2021-07-05 10:26:49.8972 - Product Pass to View -            

2021-07-05 10:26:51.8959 - Product Received -            

2021-07-05 10:26:51.8959 - Product Pass to View -            

2021-07-05 10:33:32.4980 - Now listening on: http://localhost:5000 -            

2021-07-05 10:33:32.6055 - Application started. Press Ctrl+C to shut down. -            

2021-07-05 10:33:32.6474 - Hosting environment: Production -            

2021-07-05 10:33:32.6950 - Content root path: D:\FreeLancerAssignments\TataPower\dotnetcoreapp\sample-app -            

2021-07-05 10:33:38.2365 - Product Received -            

2021-07-05 10:33:38.3740 - Product Pass to View -            

2021-07-05 10:33:40.4989 - Product Received -            

2021-07-05 10:33:40.4989 - Product Pass to View -            

2021-07-05 10:33:55.4899 - Product Received -            

2021-07-05 10:33:55.4983 - Product Pass to View -            

2021-07-05 10:33:58.4104 - Product Received -            

2021-07-05 10:33:58.4104 - Product Pass to View -            

2021-07-05 10:34:59.8232 - Now listening on: http://localhost:5000 -            

2021-07-05 10:34:59.8980 - Application started. Press Ctrl+C to shut down. -            

2021-07-05 10:34:59.9104 - Hosting environment: Production -            

2021-07-05 10:34:59.9104 - Content root path: D:\FreeLancerAssignments\TataPower\dotnetcoreapp\sample-app -            

2021-07-05 10:35:05.6780 - Product Received -            

2021-07-05 10:35:05.9088 - Product Pass to View -            

2021-07-05 10:35:07.9778 - Product Received -            

2021-07-05 10:35:07.9842 - Product Pass to View -            

2021-07-05 10:35:21.4515 - Product Received -            

2021-07-05 10:35:21.4515 - Product Pass to View -            

2021-07-05 10:35:38.0560 - Product Received -            

2021-07-05 10:35:40.1966 - Product Received -            

2021-07-05 10:35:40.2079 - Product Pass to View -            

2021-07-05 10:35:40.2079 - Product Pass to View -            

2021-07-05 10:35:41.8136 - Product Received -            

2021-07-05 10:35:41.8136 - Product Pass to View -            

2021-07-05 10:37:44.7183 - Product Received -            

2021-07-05 10:37:44.7725 - Product Pass to View -            

2021-07-05 10:37:49.3865 - Product Received -            

2021-07-05 10:37:49.3969 - Product Pass to View -            

2021-07-05 10:38:13.8676 - Product Received -            

2021-07-05 10:38:13.8676 - Product Pass to View -            

2021-07-05 10:38:16.7309 - Product Received -            

2021-07-05 10:38:16.7660 - Product Pass to View -            

2021-07-05 10:45:28.6104 - Now listening on: http://localhost:5000 -            

2021-07-05 10:45:28.6819 - Application started. Press Ctrl+C to shut down. -            

2021-07-05 10:45:28.6973 - Hosting environment: Production -            

2021-07-05 10:45:28.7014 - Content root path: D:\FreeLancerAssignments\TataPower\dotnetcoreapp\sample-app -            

2021-07-05 10:45:38.0560 - Product Received -            

2021-07-05 10:45:38.2313 - Product Pass to View -            

2021-07-05 10:45:41.1615 - Product Received -            

2021-07-05 10:45:41.1615 - Product Pass to View -            

2021-07-05 10:46:02.0264 - Product Received -            

2021-07-05 10:46:02.0349 - Product Pass to View -            

2021-07-05 10:46:04.1213 - Product Received -            

2021-07-05 10:46:04.1266 - Product Pass to View -            

2021-07-05 10:46:13.6969 - Product Received -            

2021-07-05 10:46:13.7056 - Product Pass to View -            

2021-07-05 10:46:16.9452 - Product Received -            

2021-07-05 10:46:16.9536 - Product Pass to View -            

2021-07-05 10:46:36.1224 - Product Received -            

2021-07-05 10:46:36.1285 - Product Pass to View -            

2021-07-05 10:46:37.8671 - Product Received -            

2021-07-05 10:46:37.8671 - Product Pass to View -            

